21:58:55 INFO  AWT-EventQueue-0 0 GameFrame:93 - client started
21:58:55 INFO  AWT-EventQueue-0 281 GameFrame:99 - init done
21:58:56 INFO  AWT-EventQueue-0 1481 Actor:63 - sent login request
21:58:56 INFO  AWT-EventQueue-0 1528 Actor:70 - received ticket BB20B45FD4D95138
21:58:56 INFO  AWT-EventQueue-0 1528 GameFrame:221 - login successful
21:58:56 INFO  AWT-EventQueue-0 1543 Actor:185 - Courier monitor installed successfully: Trap
21:58:56 INFO  Thread-5 1543 Actor:185 - Courier waiting for connection on port 8001
21:58:56 INFO  AWT-EventQueue-0 1543 Actor:185 - Arriver sending Arrival to 127.0.0.1:1235
21:58:56 INFO  AWT-EventQueue-0 1543 Actor:185 - Arriver sent successfully Arrival to 127.0.0.1:1235
21:58:56 INFO  AWT-EventQueue-0 1543 Actor:185 - Arriver sent arrival message
21:58:56 INFO  Thread-5 1575 Actor:185 - Courier accepted connection on port 8001
21:58:56 INFO  Thread-5 1575 Actor:185 - Courier received message Ready
21:58:56 INFO  Thread-5 1575 Actor:185 - Courier invoking listener for Ready
21:58:56 INFO  Thread-5 1575 Actor:232 - received Ready from HC0004-08/169.254.140.67
21:58:56 INFO  AWT-EventQueue-0 1575 GameFrame:240 - connected to courier with bankroll = 1000.0
21:58:56 INFO  Thread-5 1575 Trap:82 - Wins: 0 | Lose: 0 | Push: 0 | Breaks: 0 | Blackjacks: 0 | Splits: 0 | Total Hands: 0 | Bankroll: 1000.0
21:58:56 INFO  Thread-5 1590 Actor:185 - Courier waiting for connection on port 8001
21:59:01 INFO  Thread-7 6137 ATable:206 - side bet = 0
21:59:01 INFO  Thread-7 6137 Actor:185 - Courier sending Bet to 127.0.0.1:8501
21:59:01 INFO  Thread-7 6142 Actor:185 - Courier sent successfully Bet to 127.0.0.1:8501
21:59:01 INFO  Thread-5 6142 Actor:185 - Courier accepted connection on port 8001
21:59:01 INFO  Thread-5 6152 Actor:185 - Courier received message GameStart
21:59:01 INFO  Thread-5 6152 Actor:185 - Courier invoking listener for GameStart
21:59:01 INFO  Thread-5 6152 Actor:244 - receive starting shoe size = 52
21:59:01 INFO  Thread-5 6152 Actor:247 - starting hand: HC0004-08:YOU:6D825C718B4A62A2
21:59:01 INFO  Thread-5 6152 Actor:247 - starting hand: HC0004-08:DEALER:51AAF6D354EA69F8
21:59:01 INFO  Thread-5 6152 Trap:82 - Wins: 0 | Lose: 0 | Push: 0 | Breaks: 0 | Blackjacks: 0 | Splits: 0 | Total Hands: 0 | Bankroll: 1000.0
21:59:01 INFO  Thread-5 6152 Actor:185 - Courier waiting for connection on port 8001
21:59:02 INFO  Thread-5 7172 Actor:185 - Courier accepted connection on port 8001
21:59:02 INFO  Thread-5 7176 Actor:185 - Courier received message Deal
21:59:02 INFO  Thread-5 7176 Actor:185 - Courier invoking listener for Deal
21:59:02 INFO  Thread-5 7176 Actor:266 - received card = S5 values = 5/5 hid = HC0004-08:YOU:6D825C718B4A62A2
21:59:02 INFO  Thread-5 7176 Trap:82 - Wins: 0 | Lose: 0 | Push: 0 | Breaks: 0 | Blackjacks: 0 | Splits: 0 | Total Hands: 0 | Bankroll: 1000.0
21:59:02 INFO  Thread-5 7176 Actor:185 - Courier waiting for connection on port 8001
21:59:02 INFO  Thread-5 7942 Actor:185 - Courier accepted connection on port 8001
21:59:02 INFO  Thread-5 7946 Actor:185 - Courier received message Deal
21:59:02 INFO  Thread-5 7946 Actor:185 - Courier invoking listener for Deal
21:59:02 INFO  Thread-5 7946 Actor:266 - received card = D6 values = 0/0 hid = HC0004-08:DEALER:51AAF6D354EA69F8
21:59:02 INFO  Thread-5 7946 Trap:82 - Wins: 0 | Lose: 0 | Push: 0 | Breaks: 0 | Blackjacks: 0 | Splits: 0 | Total Hands: 0 | Bankroll: 1000.0
21:59:02 INFO  Thread-5 7946 Actor:185 - Courier waiting for connection on port 8001
21:59:03 INFO  Thread-5 8702 Actor:185 - Courier accepted connection on port 8001
21:59:03 INFO  Thread-5 8702 Actor:185 - Courier received message Deal
21:59:03 INFO  Thread-5 8702 Actor:185 - Courier invoking listener for Deal
21:59:03 INFO  Thread-5 8702 Actor:266 - received card = H5 values = 10/10 hid = HC0004-08:YOU:6D825C718B4A62A2
21:59:03 INFO  Thread-5 8702 Trap:82 - Wins: 0 | Lose: 0 | Push: 0 | Breaks: 0 | Blackjacks: 0 | Splits: 0 | Total Hands: 0 | Bankroll: 1000.0
21:59:03 INFO  Thread-5 8702 Actor:185 - Courier waiting for connection on port 8001
21:59:04 INFO  Thread-5 9462 Actor:185 - Courier accepted connection on port 8001
21:59:04 INFO  Thread-5 9462 Actor:185 - Courier received message Deal
21:59:04 INFO  Thread-5 9462 Actor:185 - Courier invoking listener for Deal
21:59:04 INFO  Thread-5 9462 Actor:266 - received card = C5 values = 5/5 hid = HC0004-08:DEALER:51AAF6D354EA69F8
21:59:04 INFO  Thread-5 9462 Trap:82 - Wins: 0 | Lose: 0 | Push: 0 | Breaks: 0 | Blackjacks: 0 | Splits: 0 | Total Hands: 0 | Bankroll: 1000.0
21:59:04 INFO  Thread-5 9462 Actor:185 - Courier waiting for connection on port 8001
21:59:04 INFO  Thread-5 9462 Actor:185 - Courier accepted connection on port 8001
21:59:04 INFO  Thread-5 9462 Actor:185 - Courier received message Play
21:59:04 INFO  Thread-5 9462 Actor:185 - Courier invoking listener for Play
21:59:04 INFO  Thread-5 9462 Actor:276 - got turn = HC0004-08:YOU:6D825C718B4A62A2
21:59:05 INFO  Thread-5 10182 Trap:82 - Wins: 0 | Lose: 0 | Push: 0 | Breaks: 0 | Blackjacks: 0 | Splits: 0 | Total Hands: 0 | Bankroll: 1000.0
21:59:05 INFO  Thread-5 10182 Actor:185 - Courier waiting for connection on port 8001
21:59:05 INFO  AWT-EventQueue-0 10802 Actor:185 - Courier sending Hit to 127.0.0.1:8501
21:59:05 INFO  AWT-EventQueue-0 10802 Actor:185 - Courier sent successfully Hit to 127.0.0.1:8501
21:59:05 INFO  Thread-5 10802 Actor:185 - Courier accepted connection on port 8001
21:59:05 INFO  Thread-5 10802 Actor:185 - Courier received message Deal
21:59:05 INFO  Thread-5 10812 Actor:185 - Courier invoking listener for Deal
21:59:05 INFO  Thread-5 10812 Actor:266 - received card = D5 values = 15/15 hid = HC0004-08:YOU:6D825C718B4A62A2
21:59:05 INFO  Thread-5 10812 Trap:82 - Wins: 0 | Lose: 0 | Push: 0 | Breaks: 0 | Blackjacks: 0 | Splits: 0 | Total Hands: 0 | Bankroll: 1000.0
21:59:05 INFO  Thread-5 10812 Actor:185 - Courier waiting for connection on port 8001
21:59:08 INFO  AWT-EventQueue-0 13216 Actor:185 - Courier sending Stay to 127.0.0.1:8501
21:59:08 INFO  AWT-EventQueue-0 13216 Actor:185 - Courier sent successfully Stay to 127.0.0.1:8501
21:59:08 INFO  Thread-5 13222 Actor:185 - Courier accepted connection on port 8001
21:59:08 INFO  Thread-5 13222 Actor:185 - Courier received message Play
21:59:08 INFO  Thread-5 13222 Actor:185 - Courier invoking listener for Play
21:59:08 INFO  Thread-5 13222 Actor:276 - got turn = HC0004-08:DEALER:51AAF6D354EA69F8
21:59:08 INFO  Thread-5 13222 Trap:82 - Wins: 0 | Lose: 0 | Push: 0 | Breaks: 0 | Blackjacks: 0 | Splits: 0 | Total Hands: 0 | Bankroll: 1000.0
21:59:08 INFO  Thread-5 13222 Actor:185 - Courier waiting for connection on port 8001
21:59:08 INFO  Thread-5 13222 Actor:185 - Courier accepted connection on port 8001
21:59:08 INFO  Thread-5 13222 Actor:185 - Courier received message Deal
21:59:08 INFO  Thread-5 13222 Actor:185 - Courier invoking listener for Deal
21:59:08 INFO  Thread-5 13222 Actor:266 - received card = null values = 11/11 hid = HC0004-08:DEALER:51AAF6D354EA69F8
21:59:08 INFO  Thread-5 13222 Trap:82 - Wins: 0 | Lose: 0 | Push: 0 | Breaks: 0 | Blackjacks: 0 | Splits: 0 | Total Hands: 0 | Bankroll: 1000.0
21:59:08 INFO  Thread-5 13222 Actor:185 - Courier waiting for connection on port 8001
21:59:09 INFO  Thread-5 13983 Actor:185 - Courier accepted connection on port 8001
21:59:09 INFO  Thread-5 13983 Actor:185 - Courier received message Deal
21:59:09 INFO  Thread-5 13983 Actor:185 - Courier invoking listener for Deal
21:59:09 INFO  Thread-5 13983 Actor:266 - received card = C9 values = 20/20 hid = HC0004-08:DEALER:51AAF6D354EA69F8
21:59:09 INFO  Thread-5 13983 Trap:82 - Wins: 0 | Lose: 0 | Push: 0 | Breaks: 0 | Blackjacks: 0 | Splits: 0 | Total Hands: 0 | Bankroll: 1000.0
21:59:09 INFO  Thread-5 13987 Actor:185 - Courier waiting for connection on port 8001
21:59:09 INFO  Thread-5 13987 Actor:185 - Courier accepted connection on port 8001
21:59:09 INFO  Thread-5 13987 Actor:185 - Courier received message Loose
21:59:09 INFO  Thread-5 13987 Actor:185 - Courier invoking listener for Loose
21:59:09 INFO  Thread-5 13987 Actor:207 - received outcome = Loose
21:59:09 INFO  Thread-5 13987 ATable:537 - LOOSE for hid = HC0004-08:YOU:6D825C718B4A62A2 amt = 100.0
21:59:09 INFO  Thread-5 13987 Trap:82 - Wins: 0 | Lose: 1 | Push: 0 | Breaks: 0 | Blackjacks: 0 | Splits: 0 | Total Hands: 1 | Bankroll: 900.0
21:59:09 INFO  Thread-5 13987 Actor:185 - Courier waiting for connection on port 8001
21:59:09 INFO  Thread-5 13987 Actor:185 - Courier accepted connection on port 8001
21:59:09 INFO  Thread-5 13987 Actor:185 - Courier received message GameOver
21:59:09 INFO  Thread-5 13987 Actor:185 - Courier invoking listener for GameOver
21:59:09 INFO  Thread-5 13987 Actor:287 - received ending shoe size = 46
21:59:09 INFO  Thread-5 13987 ATable:681 - num hands = 2 wins = 0 loses = 1 pushes = 0
21:59:09 INFO  Thread-5 14762 Trap:82 - Wins: 0 | Lose: 1 | Push: 0 | Breaks: 0 | Blackjacks: 0 | Splits: 0 | Total Hands: 1 | Bankroll: 900.0
21:59:09 INFO  Thread-5 14762 Actor:185 - Courier waiting for connection on port 8001
21:59:12 INFO  Thread-15 17693 ATable:206 - side bet = 0
21:59:12 INFO  Thread-15 17693 Actor:185 - Courier sending Bet to 127.0.0.1:8501
21:59:12 INFO  Thread-15 17703 Actor:185 - Courier sent successfully Bet to 127.0.0.1:8501
21:59:12 INFO  Thread-5 17703 Actor:185 - Courier accepted connection on port 8001
21:59:12 INFO  Thread-5 17703 Actor:185 - Courier received message GameStart
21:59:12 INFO  Thread-5 17703 Actor:185 - Courier invoking listener for GameStart
21:59:12 INFO  Thread-5 17703 Actor:244 - receive starting shoe size = 46
21:59:12 INFO  Thread-5 17703 Actor:247 - starting hand: HC0004-08:YOU:274D018172E182FA
21:59:12 INFO  Thread-5 17703 Actor:247 - starting hand: HC0004-08:DEALER:39FDF7547ABF2F65
21:59:12 INFO  Thread-5 17703 Trap:82 - Wins: 0 | Lose: 1 | Push: 0 | Breaks: 0 | Blackjacks: 0 | Splits: 0 | Total Hands: 1 | Bankroll: 900.0
21:59:12 INFO  Thread-5 17703 Actor:185 - Courier waiting for connection on port 8001
21:59:13 INFO  Thread-5 18712 Actor:185 - Courier accepted connection on port 8001
21:59:13 INFO  Thread-5 18712 Actor:185 - Courier received message Deal
21:59:13 INFO  Thread-5 18712 Actor:185 - Courier invoking listener for Deal
21:59:13 INFO  Thread-5 18712 Actor:266 - received card = S9 values = 9/9 hid = HC0004-08:YOU:274D018172E182FA
21:59:13 INFO  Thread-5 18712 Trap:82 - Wins: 0 | Lose: 1 | Push: 0 | Breaks: 0 | Blackjacks: 0 | Splits: 0 | Total Hands: 1 | Bankroll: 900.0
21:59:13 INFO  Thread-5 18712 Actor:185 - Courier waiting for connection on port 8001
21:59:14 INFO  Thread-5 19463 Actor:185 - Courier accepted connection on port 8001
21:59:14 INFO  Thread-5 19463 Actor:185 - Courier received message Deal
21:59:14 INFO  Thread-5 19463 Actor:185 - Courier invoking listener for Deal
21:59:14 INFO  Thread-5 19463 Actor:266 - received card = D2 values = 0/0 hid = HC0004-08:DEALER:39FDF7547ABF2F65
21:59:14 INFO  Thread-5 19463 Trap:82 - Wins: 0 | Lose: 1 | Push: 0 | Breaks: 0 | Blackjacks: 0 | Splits: 0 | Total Hands: 1 | Bankroll: 900.0
21:59:14 INFO  Thread-5 19463 Actor:185 - Courier waiting for connection on port 8001
21:59:15 INFO  Thread-5 20223 Actor:185 - Courier accepted connection on port 8001
21:59:15 INFO  Thread-5 20223 Actor:185 - Courier received message Deal
21:59:15 INFO  Thread-5 20223 Actor:185 - Courier invoking listener for Deal
21:59:15 INFO  Thread-5 20223 Actor:266 - received card = C8 values = 17/17 hid = HC0004-08:YOU:274D018172E182FA
21:59:15 INFO  Thread-5 20223 Trap:82 - Wins: 0 | Lose: 1 | Push: 0 | Breaks: 0 | Blackjacks: 0 | Splits: 0 | Total Hands: 1 | Bankroll: 900.0
21:59:15 INFO  Thread-5 20223 Actor:185 - Courier waiting for connection on port 8001
21:59:16 INFO  Thread-5 20993 Actor:185 - Courier accepted connection on port 8001
21:59:16 INFO  Thread-5 20993 Actor:185 - Courier received message Deal
21:59:16 INFO  Thread-5 20993 Actor:185 - Courier invoking listener for Deal
21:59:16 INFO  Thread-5 20993 Actor:266 - received card = HA values = 1/11 hid = HC0004-08:DEALER:39FDF7547ABF2F65
21:59:16 INFO  Thread-5 20993 Trap:82 - Wins: 0 | Lose: 1 | Push: 0 | Breaks: 0 | Blackjacks: 0 | Splits: 0 | Total Hands: 1 | Bankroll: 900.0
21:59:16 INFO  Thread-5 20993 Actor:185 - Courier waiting for connection on port 8001
21:59:16 INFO  Thread-5 20993 Actor:185 - Courier accepted connection on port 8001
21:59:16 INFO  Thread-5 20993 Actor:185 - Courier received message Play
21:59:16 INFO  Thread-5 20993 Actor:185 - Courier invoking listener for Play
21:59:16 INFO  Thread-5 20993 Actor:276 - got turn = HC0004-08:YOU:274D018172E182FA
21:59:16 INFO  Thread-5 21703 Trap:82 - Wins: 0 | Lose: 1 | Push: 0 | Breaks: 0 | Blackjacks: 0 | Splits: 0 | Total Hands: 1 | Bankroll: 900.0
21:59:16 INFO  Thread-5 21703 Actor:185 - Courier waiting for connection on port 8001
21:59:17 INFO  AWT-EventQueue-0 22313 Actor:185 - Courier sending Stay to 127.0.0.1:8501
21:59:17 INFO  AWT-EventQueue-0 22313 Actor:185 - Courier sent successfully Stay to 127.0.0.1:8501
21:59:17 INFO  Thread-5 22313 Actor:185 - Courier accepted connection on port 8001
21:59:17 INFO  Thread-5 22313 Actor:185 - Courier received message Play
21:59:17 INFO  Thread-5 22313 Actor:185 - Courier invoking listener for Play
21:59:17 INFO  Thread-5 22313 Actor:276 - got turn = HC0004-08:DEALER:39FDF7547ABF2F65
21:59:17 INFO  Thread-5 22313 Trap:82 - Wins: 0 | Lose: 1 | Push: 0 | Breaks: 0 | Blackjacks: 0 | Splits: 0 | Total Hands: 1 | Bankroll: 900.0
21:59:17 INFO  Thread-5 22313 Actor:185 - Courier waiting for connection on port 8001
21:59:17 INFO  Thread-5 22313 Actor:185 - Courier accepted connection on port 8001
21:59:17 INFO  Thread-5 22313 Actor:185 - Courier received message Deal
21:59:17 INFO  Thread-5 22313 Actor:185 - Courier invoking listener for Deal
21:59:17 INFO  Thread-5 22313 Actor:266 - received card = null values = 3/13 hid = HC0004-08:DEALER:39FDF7547ABF2F65
21:59:17 INFO  Thread-5 22313 Trap:82 - Wins: 0 | Lose: 1 | Push: 0 | Breaks: 0 | Blackjacks: 0 | Splits: 0 | Total Hands: 1 | Bankroll: 900.0
21:59:17 INFO  Thread-5 22313 Actor:185 - Courier waiting for connection on port 8001
21:59:18 INFO  Thread-5 23073 Actor:185 - Courier accepted connection on port 8001
21:59:18 INFO  Thread-5 23073 Actor:185 - Courier received message Deal
21:59:18 INFO  Thread-5 23073 Actor:185 - Courier invoking listener for Deal
21:59:18 INFO  Thread-5 23073 Actor:266 - received card = SA values = 4/14 hid = HC0004-08:DEALER:39FDF7547ABF2F65
21:59:18 INFO  Thread-5 23073 Trap:82 - Wins: 0 | Lose: 1 | Push: 0 | Breaks: 0 | Blackjacks: 0 | Splits: 0 | Total Hands: 1 | Bankroll: 900.0
21:59:18 INFO  Thread-5 23073 Actor:185 - Courier waiting for connection on port 8001
21:59:18 INFO  Thread-5 23833 Actor:185 - Courier accepted connection on port 8001
21:59:18 INFO  Thread-5 23833 Actor:185 - Courier received message Deal
21:59:18 INFO  Thread-5 23833 Actor:185 - Courier invoking listener for Deal
21:59:18 INFO  Thread-5 23833 Actor:266 - received card = D3 values = 7/17 hid = HC0004-08:DEALER:39FDF7547ABF2F65
21:59:18 INFO  Thread-5 23837 Trap:82 - Wins: 0 | Lose: 1 | Push: 0 | Breaks: 0 | Blackjacks: 0 | Splits: 0 | Total Hands: 1 | Bankroll: 900.0
21:59:18 INFO  Thread-5 23837 Actor:185 - Courier waiting for connection on port 8001
21:59:18 INFO  Thread-5 23837 Actor:185 - Courier accepted connection on port 8001
21:59:18 INFO  Thread-5 23837 Actor:185 - Courier received message Push
21:59:18 INFO  Thread-5 23837 Actor:185 - Courier invoking listener for Push
21:59:18 INFO  Thread-5 23837 Actor:207 - received outcome = Push
21:59:18 INFO  Thread-5 23837 ATable:563 - PUSH for hid = HC0004-08:YOU:274D018172E182FA amt = 100.0
21:59:18 INFO  Thread-5 23837 Trap:82 - Wins: 0 | Lose: 1 | Push: 1 | Breaks: 0 | Blackjacks: 0 | Splits: 0 | Total Hands: 2 | Bankroll: 900.0
21:59:18 INFO  Thread-5 23837 Actor:185 - Courier waiting for connection on port 8001
21:59:18 INFO  Thread-5 23837 Actor:185 - Courier accepted connection on port 8001
21:59:18 INFO  Thread-5 23837 Actor:185 - Courier received message GameOver
21:59:18 INFO  Thread-5 23837 Actor:185 - Courier invoking listener for GameOver
21:59:18 INFO  Thread-5 23837 Actor:287 - received ending shoe size = 40
21:59:18 INFO  Thread-5 23837 ATable:681 - num hands = 2 wins = 0 loses = 0 pushes = 1
21:59:19 INFO  Thread-5 24573 Trap:82 - Wins: 0 | Lose: 1 | Push: 1 | Breaks: 0 | Blackjacks: 0 | Splits: 0 | Total Hands: 2 | Bankroll: 900.0
21:59:19 INFO  Thread-5 24573 Actor:185 - Courier waiting for connection on port 8001
21:59:20 INFO  Thread-23 25573 ATable:206 - side bet = 0
21:59:20 INFO  Thread-23 25573 Actor:185 - Courier sending Bet to 127.0.0.1:8501
21:59:20 INFO  Thread-23 25582 Actor:185 - Courier sent successfully Bet to 127.0.0.1:8501
21:59:20 INFO  Thread-5 25582 Actor:185 - Courier accepted connection on port 8001
21:59:20 INFO  Thread-5 25582 Actor:185 - Courier received message GameStart
21:59:20 INFO  Thread-5 25582 Actor:185 - Courier invoking listener for GameStart
21:59:20 INFO  Thread-5 25582 Actor:244 - receive starting shoe size = 40
21:59:20 INFO  Thread-5 25582 Actor:247 - starting hand: HC0004-08:YOU:72DE7AA0F175BF8E
21:59:20 INFO  Thread-5 25582 Actor:247 - starting hand: HC0004-08:DEALER:1FE03061EE99BCD7
21:59:20 INFO  Thread-5 25582 Trap:82 - Wins: 0 | Lose: 1 | Push: 1 | Breaks: 0 | Blackjacks: 0 | Splits: 0 | Total Hands: 2 | Bankroll: 900.0
21:59:20 INFO  Thread-5 25582 Actor:185 - Courier waiting for connection on port 8001
21:59:21 INFO  Thread-5 26593 Actor:185 - Courier accepted connection on port 8001
21:59:21 INFO  Thread-5 26593 Actor:185 - Courier received message Deal
21:59:21 INFO  Thread-5 26593 Actor:185 - Courier invoking listener for Deal
21:59:21 INFO  Thread-5 26593 Actor:266 - received card = H10 values = 10/10 hid = HC0004-08:YOU:72DE7AA0F175BF8E
21:59:21 INFO  Thread-5 26593 Trap:82 - Wins: 0 | Lose: 1 | Push: 1 | Breaks: 0 | Blackjacks: 0 | Splits: 0 | Total Hands: 2 | Bankroll: 900.0
21:59:21 INFO  Thread-5 26593 Actor:185 - Courier waiting for connection on port 8001
21:59:22 INFO  Thread-5 27353 Actor:185 - Courier accepted connection on port 8001
21:59:22 INFO  Thread-5 27353 Actor:185 - Courier received message Deal
21:59:22 INFO  Thread-5 27353 Actor:185 - Courier invoking listener for Deal
21:59:22 INFO  Thread-5 27353 Actor:266 - received card = H2 values = 0/0 hid = HC0004-08:DEALER:1FE03061EE99BCD7
21:59:22 INFO  Thread-5 27353 Trap:82 - Wins: 0 | Lose: 1 | Push: 1 | Breaks: 0 | Blackjacks: 0 | Splits: 0 | Total Hands: 2 | Bankroll: 900.0
21:59:22 INFO  Thread-5 27353 Actor:185 - Courier waiting for connection on port 8001
21:59:23 INFO  Thread-5 28113 Actor:185 - Courier accepted connection on port 8001
21:59:23 INFO  Thread-5 28113 Actor:185 - Courier received message Deal
21:59:23 INFO  Thread-5 28113 Actor:185 - Courier invoking listener for Deal
21:59:23 INFO  Thread-5 28113 Actor:266 - received card = CK values = 20/20 hid = HC0004-08:YOU:72DE7AA0F175BF8E
21:59:23 INFO  Thread-5 28113 Trap:82 - Wins: 0 | Lose: 1 | Push: 1 | Breaks: 0 | Blackjacks: 0 | Splits: 0 | Total Hands: 2 | Bankroll: 900.0
21:59:23 INFO  Thread-5 28113 Actor:185 - Courier waiting for connection on port 8001
21:59:23 INFO  Thread-5 28873 Actor:185 - Courier accepted connection on port 8001
21:59:23 INFO  Thread-5 28873 Actor:185 - Courier received message Deal
21:59:23 INFO  Thread-5 28873 Actor:185 - Courier invoking listener for Deal
21:59:23 INFO  Thread-5 28873 Actor:266 - received card = H3 values = 3/3 hid = HC0004-08:DEALER:1FE03061EE99BCD7
21:59:23 INFO  Thread-5 28873 Trap:82 - Wins: 0 | Lose: 1 | Push: 1 | Breaks: 0 | Blackjacks: 0 | Splits: 0 | Total Hands: 2 | Bankroll: 900.0
21:59:23 INFO  Thread-5 28873 Actor:185 - Courier waiting for connection on port 8001
21:59:23 INFO  Thread-5 28873 Actor:185 - Courier accepted connection on port 8001
21:59:23 INFO  Thread-5 28873 Actor:185 - Courier received message Play
21:59:23 INFO  Thread-5 28873 Actor:185 - Courier invoking listener for Play
21:59:23 INFO  Thread-5 28873 Actor:276 - got turn = HC0004-08:YOU:72DE7AA0F175BF8E
21:59:24 INFO  Thread-5 29573 Trap:82 - Wins: 0 | Lose: 1 | Push: 1 | Breaks: 0 | Blackjacks: 0 | Splits: 0 | Total Hands: 2 | Bankroll: 900.0
21:59:24 INFO  Thread-5 29573 Actor:185 - Courier waiting for connection on port 8001
21:59:24 INFO  AWT-EventQueue-0 29683 Actor:185 - Courier sending Stay to 127.0.0.1:8501
21:59:24 INFO  AWT-EventQueue-0 29683 Actor:185 - Courier sent successfully Stay to 127.0.0.1:8501
21:59:24 INFO  Thread-5 29683 Actor:185 - Courier accepted connection on port 8001
21:59:24 INFO  Thread-5 29683 Actor:185 - Courier received message Play
21:59:24 INFO  Thread-5 29683 Actor:185 - Courier invoking listener for Play
21:59:24 INFO  Thread-5 29683 Actor:276 - got turn = HC0004-08:DEALER:1FE03061EE99BCD7
21:59:24 INFO  Thread-5 29683 Trap:82 - Wins: 0 | Lose: 1 | Push: 1 | Breaks: 0 | Blackjacks: 0 | Splits: 0 | Total Hands: 2 | Bankroll: 900.0
21:59:24 INFO  Thread-5 29683 Actor:185 - Courier waiting for connection on port 8001
21:59:24 INFO  Thread-5 29683 Actor:185 - Courier accepted connection on port 8001
21:59:24 INFO  Thread-5 29683 Actor:185 - Courier received message Deal
21:59:24 INFO  Thread-5 29683 Actor:185 - Courier invoking listener for Deal
21:59:24 INFO  Thread-5 29683 Actor:266 - received card = null values = 5/5 hid = HC0004-08:DEALER:1FE03061EE99BCD7
21:59:24 INFO  Thread-5 29683 Trap:82 - Wins: 0 | Lose: 1 | Push: 1 | Breaks: 0 | Blackjacks: 0 | Splits: 0 | Total Hands: 2 | Bankroll: 900.0
21:59:24 INFO  Thread-5 29683 Actor:185 - Courier waiting for connection on port 8001
21:59:25 INFO  Thread-5 30452 Actor:185 - Courier accepted connection on port 8001
21:59:25 INFO  Thread-5 30452 Actor:185 - Courier received message Deal
21:59:25 INFO  Thread-5 30452 Actor:185 - Courier invoking listener for Deal
21:59:25 INFO  Thread-5 30452 Actor:266 - received card = DA values = 6/16 hid = HC0004-08:DEALER:1FE03061EE99BCD7
21:59:25 INFO  Thread-5 30452 Trap:82 - Wins: 0 | Lose: 1 | Push: 1 | Breaks: 0 | Blackjacks: 0 | Splits: 0 | Total Hands: 2 | Bankroll: 900.0
21:59:25 INFO  Thread-5 30452 Actor:185 - Courier waiting for connection on port 8001
21:59:26 INFO  Thread-5 31203 Actor:185 - Courier accepted connection on port 8001
21:59:26 INFO  Thread-5 31203 Actor:185 - Courier received message Deal
21:59:26 INFO  Thread-5 31203 Actor:185 - Courier invoking listener for Deal
21:59:26 INFO  Thread-5 31203 Actor:266 - received card = DJ values = 16/26 hid = HC0004-08:DEALER:1FE03061EE99BCD7
21:59:26 INFO  Thread-5 31203 Trap:82 - Wins: 0 | Lose: 1 | Push: 1 | Breaks: 0 | Blackjacks: 0 | Splits: 0 | Total Hands: 2 | Bankroll: 900.0
21:59:26 INFO  Thread-5 31203 Actor:185 - Courier waiting for connection on port 8001
21:59:27 INFO  Thread-5 31963 Actor:185 - Courier accepted connection on port 8001
21:59:27 INFO  Thread-5 31963 Actor:185 - Courier received message Deal
21:59:27 INFO  Thread-5 31963 Actor:185 - Courier invoking listener for Deal
21:59:27 INFO  Thread-5 31963 Actor:266 - received card = H8 values = 24/34 hid = HC0004-08:DEALER:1FE03061EE99BCD7
21:59:27 INFO  Thread-5 31972 Trap:82 - Wins: 0 | Lose: 1 | Push: 1 | Breaks: 0 | Blackjacks: 0 | Splits: 0 | Total Hands: 2 | Bankroll: 900.0
21:59:27 INFO  Thread-5 31972 Actor:185 - Courier waiting for connection on port 8001
21:59:27 INFO  Thread-5 31972 Actor:185 - Courier accepted connection on port 8001
21:59:27 INFO  Thread-5 31972 Actor:185 - Courier received message Win
21:59:27 INFO  Thread-5 31972 Actor:185 - Courier invoking listener for Win
21:59:27 INFO  Thread-5 31972 Actor:207 - received outcome = Win
21:59:27 INFO  Thread-5 31972 ATable:511 - WIN for hid = HC0004-08:YOU:72DE7AA0F175BF8E amt = 100.0
21:59:27 INFO  Thread-5 31972 Trap:82 - Wins: 1 | Lose: 1 | Push: 1 | Breaks: 0 | Blackjacks: 0 | Splits: 0 | Total Hands: 3 | Bankroll: 900.0
21:59:27 INFO  Thread-5 31972 Actor:185 - Courier waiting for connection on port 8001
21:59:27 INFO  Thread-5 31972 Actor:185 - Courier accepted connection on port 8001
21:59:27 INFO  Thread-5 31972 Actor:185 - Courier received message GameOver
21:59:27 INFO  Thread-5 31972 Actor:185 - Courier invoking listener for GameOver
21:59:27 INFO  Thread-5 31972 Actor:287 - received ending shoe size = 33
21:59:27 INFO  Thread-5 31972 ATable:681 - num hands = 2 wins = 1 loses = 0 pushes = 0
21:59:28 INFO  Thread-5 33023 Trap:82 - Wins: 1 | Lose: 1 | Push: 1 | Breaks: 0 | Blackjacks: 0 | Splits: 0 | Total Hands: 3 | Bankroll: 900.0
21:59:28 INFO  Thread-5 33023 Actor:185 - Courier waiting for connection on port 8001
21:59:28 INFO  Thread-32 33023 ATable:206 - side bet = 0
21:59:28 INFO  Thread-32 33023 Actor:185 - Courier sending Bet to 127.0.0.1:8501
21:59:28 INFO  Thread-32 33023 Actor:185 - Courier sent successfully Bet to 127.0.0.1:8501
21:59:28 INFO  Thread-5 33023 Actor:185 - Courier accepted connection on port 8001
21:59:28 INFO  Thread-5 33023 Actor:185 - Courier received message GameStart
21:59:28 INFO  Thread-5 33023 Actor:185 - Courier invoking listener for GameStart
21:59:28 INFO  Thread-5 33023 Actor:244 - receive starting shoe size = 33
21:59:28 INFO  Thread-5 33023 Actor:247 - starting hand: HC0004-08:YOU:1269634DF4D46C57
21:59:28 INFO  Thread-5 33023 Actor:247 - starting hand: HC0004-08:DEALER:2A0FA21FA12E4E49
21:59:28 INFO  Thread-5 33023 Trap:82 - Wins: 1 | Lose: 1 | Push: 1 | Breaks: 0 | Blackjacks: 0 | Splits: 0 | Total Hands: 3 | Bankroll: 900.0
21:59:28 INFO  Thread-5 33033 Actor:185 - Courier waiting for connection on port 8001
21:59:29 INFO  Thread-5 34043 Actor:185 - Courier accepted connection on port 8001
21:59:29 INFO  Thread-5 34043 Actor:185 - Courier received message Deal
21:59:29 INFO  Thread-5 34043 Actor:185 - Courier invoking listener for Deal
21:59:29 INFO  Thread-5 34043 Actor:266 - received card = D7 values = 7/7 hid = HC0004-08:YOU:1269634DF4D46C57
21:59:29 INFO  Thread-5 34043 Trap:82 - Wins: 1 | Lose: 1 | Push: 1 | Breaks: 0 | Blackjacks: 0 | Splits: 0 | Total Hands: 3 | Bankroll: 900.0
21:59:29 INFO  Thread-5 34043 Actor:185 - Courier waiting for connection on port 8001
21:59:29 INFO  Thread-5 34803 Actor:185 - Courier accepted connection on port 8001
21:59:29 INFO  Thread-5 34803 Actor:185 - Courier received message Deal
21:59:29 INFO  Thread-5 34803 Actor:185 - Courier invoking listener for Deal
21:59:29 INFO  Thread-5 34803 Actor:266 - received card = D8 values = 0/0 hid = HC0004-08:DEALER:2A0FA21FA12E4E49
21:59:29 INFO  Thread-5 34803 Trap:82 - Wins: 1 | Lose: 1 | Push: 1 | Breaks: 0 | Blackjacks: 0 | Splits: 0 | Total Hands: 3 | Bankroll: 900.0
21:59:29 INFO  Thread-5 34803 Actor:185 - Courier waiting for connection on port 8001
21:59:30 INFO  Thread-5 35563 Actor:185 - Courier accepted connection on port 8001
21:59:30 INFO  Thread-5 35563 Actor:185 - Courier received message Deal
21:59:30 INFO  Thread-5 35563 Actor:185 - Courier invoking listener for Deal
21:59:30 INFO  Thread-5 35563 Actor:266 - received card = HJ values = 17/17 hid = HC0004-08:YOU:1269634DF4D46C57
21:59:30 INFO  Thread-5 35563 Trap:82 - Wins: 1 | Lose: 1 | Push: 1 | Breaks: 0 | Blackjacks: 0 | Splits: 0 | Total Hands: 3 | Bankroll: 900.0
21:59:30 INFO  Thread-5 35563 Actor:185 - Courier waiting for connection on port 8001
21:59:31 INFO  Thread-5 36323 Actor:185 - Courier accepted connection on port 8001
21:59:31 INFO  Thread-5 36323 Actor:185 - Courier received message Deal
21:59:31 INFO  Thread-5 36323 Actor:185 - Courier invoking listener for Deal
21:59:31 INFO  Thread-5 36323 Actor:266 - received card = H6 values = 6/6 hid = HC0004-08:DEALER:2A0FA21FA12E4E49
21:59:31 INFO  Thread-5 36323 Trap:82 - Wins: 1 | Lose: 1 | Push: 1 | Breaks: 0 | Blackjacks: 0 | Splits: 0 | Total Hands: 3 | Bankroll: 900.0
21:59:31 INFO  Thread-5 36323 Actor:185 - Courier waiting for connection on port 8001
21:59:31 INFO  Thread-5 36323 Actor:185 - Courier accepted connection on port 8001
21:59:31 INFO  Thread-5 36323 Actor:185 - Courier received message Play
21:59:31 INFO  Thread-5 36323 Actor:185 - Courier invoking listener for Play
21:59:31 INFO  Thread-5 36323 Actor:276 - got turn = HC0004-08:YOU:1269634DF4D46C57
21:59:32 INFO  Thread-5 37023 Trap:82 - Wins: 1 | Lose: 1 | Push: 1 | Breaks: 0 | Blackjacks: 0 | Splits: 0 | Total Hands: 3 | Bankroll: 900.0
21:59:32 INFO  Thread-5 37023 Actor:185 - Courier waiting for connection on port 8001
21:59:32 INFO  AWT-EventQueue-0 37153 Actor:185 - Courier sending Stay to 127.0.0.1:8501
21:59:32 INFO  AWT-EventQueue-0 37153 Actor:185 - Courier sent successfully Stay to 127.0.0.1:8501
21:59:32 INFO  Thread-5 37153 Actor:185 - Courier accepted connection on port 8001
21:59:32 INFO  Thread-5 37153 Actor:185 - Courier received message Play
21:59:32 INFO  Thread-5 37153 Actor:185 - Courier invoking listener for Play
21:59:32 INFO  Thread-5 37153 Actor:276 - got turn = HC0004-08:DEALER:2A0FA21FA12E4E49
21:59:32 INFO  Thread-5 37153 Trap:82 - Wins: 1 | Lose: 1 | Push: 1 | Breaks: 0 | Blackjacks: 0 | Splits: 0 | Total Hands: 3 | Bankroll: 900.0
21:59:32 INFO  Thread-5 37153 Actor:185 - Courier waiting for connection on port 8001
21:59:32 INFO  Thread-5 37153 Actor:185 - Courier accepted connection on port 8001
21:59:32 INFO  Thread-5 37153 Actor:185 - Courier received message Deal
21:59:32 INFO  Thread-5 37153 Actor:185 - Courier invoking listener for Deal
21:59:32 INFO  Thread-5 37153 Actor:266 - received card = null values = 14/14 hid = HC0004-08:DEALER:2A0FA21FA12E4E49
21:59:32 INFO  Thread-5 37153 Trap:82 - Wins: 1 | Lose: 1 | Push: 1 | Breaks: 0 | Blackjacks: 0 | Splits: 0 | Total Hands: 3 | Bankroll: 900.0
21:59:32 INFO  Thread-5 37153 Actor:185 - Courier waiting for connection on port 8001
21:59:32 INFO  Thread-5 37903 Actor:185 - Courier accepted connection on port 8001
21:59:32 INFO  Thread-5 37903 Actor:185 - Courier received message Deal
21:59:32 INFO  Thread-5 37903 Actor:185 - Courier invoking listener for Deal
21:59:32 INFO  Thread-5 37903 Actor:266 - received card = SK values = 24/24 hid = HC0004-08:DEALER:2A0FA21FA12E4E49
21:59:32 INFO  Thread-5 37913 Trap:82 - Wins: 1 | Lose: 1 | Push: 1 | Breaks: 0 | Blackjacks: 0 | Splits: 0 | Total Hands: 3 | Bankroll: 900.0
21:59:32 INFO  Thread-5 37913 Actor:185 - Courier waiting for connection on port 8001
21:59:32 INFO  Thread-5 37913 Actor:185 - Courier accepted connection on port 8001
21:59:32 INFO  Thread-5 37913 Actor:185 - Courier received message Win
21:59:32 INFO  Thread-5 37913 Actor:185 - Courier invoking listener for Win
21:59:32 INFO  Thread-5 37913 Actor:207 - received outcome = Win
21:59:32 INFO  Thread-5 37913 ATable:511 - WIN for hid = HC0004-08:YOU:1269634DF4D46C57 amt = 100.0
21:59:32 INFO  Thread-5 37913 Trap:82 - Wins: 2 | Lose: 1 | Push: 1 | Breaks: 0 | Blackjacks: 0 | Splits: 0 | Total Hands: 4 | Bankroll: 900.0
21:59:32 INFO  Thread-5 37913 Actor:185 - Courier waiting for connection on port 8001
21:59:32 INFO  Thread-5 37913 Actor:185 - Courier accepted connection on port 8001
21:59:32 INFO  Thread-5 37913 Actor:185 - Courier received message GameOver
21:59:32 INFO  Thread-5 37913 Actor:185 - Courier invoking listener for GameOver
21:59:32 INFO  Thread-5 37913 Actor:287 - received ending shoe size = 28
21:59:32 INFO  Thread-5 37913 ATable:681 - num hands = 2 wins = 1 loses = 0 pushes = 0
21:59:34 INFO  Thread-39 39303 ATable:206 - side bet = 0
21:59:34 INFO  Thread-39 39303 Actor:185 - Courier sending Bet to 127.0.0.1:8501
21:59:34 INFO  Thread-39 39303 Actor:185 - Courier sent successfully Bet to 127.0.0.1:8501
21:59:34 INFO  Thread-5 39783 Trap:82 - Wins: 2 | Lose: 1 | Push: 1 | Breaks: 0 | Blackjacks: 0 | Splits: 0 | Total Hands: 4 | Bankroll: 900.0
21:59:34 INFO  Thread-5 39783 Actor:185 - Courier waiting for connection on port 8001
21:59:34 INFO  Thread-5 39783 Actor:185 - Courier accepted connection on port 8001
21:59:34 INFO  Thread-5 39783 Actor:185 - Courier received message GameStart
21:59:34 INFO  Thread-5 39783 Actor:185 - Courier invoking listener for GameStart
21:59:34 INFO  Thread-5 39783 Actor:244 - receive starting shoe size = 28
21:59:34 INFO  Thread-5 39783 Actor:247 - starting hand: HC0004-08:YOU:38F4B14CD60C540D
21:59:34 INFO  Thread-5 39783 Actor:247 - starting hand: HC0004-08:DEALER:270D47FEC56DEF21
21:59:34 INFO  Thread-5 39783 Trap:82 - Wins: 2 | Lose: 1 | Push: 1 | Breaks: 0 | Blackjacks: 0 | Splits: 0 | Total Hands: 4 | Bankroll: 900.0
21:59:34 INFO  Thread-5 39783 Actor:185 - Courier waiting for connection on port 8001
21:59:35 INFO  Thread-5 40343 Actor:185 - Courier accepted connection on port 8001
21:59:35 INFO  Thread-5 40343 Actor:185 - Courier received message Deal
21:59:35 INFO  Thread-5 40343 Actor:185 - Courier invoking listener for Deal
21:59:35 INFO  Thread-5 40343 Actor:266 - received card = S10 values = 10/10 hid = HC0004-08:YOU:38F4B14CD60C540D
21:59:35 INFO  Thread-5 40343 Trap:82 - Wins: 2 | Lose: 1 | Push: 1 | Breaks: 0 | Blackjacks: 0 | Splits: 0 | Total Hands: 4 | Bankroll: 900.0
21:59:35 INFO  Thread-5 40343 Actor:185 - Courier waiting for connection on port 8001
21:59:36 INFO  Thread-5 41103 Actor:185 - Courier accepted connection on port 8001
21:59:36 INFO  Thread-5 41103 Actor:185 - Courier received message Deal
21:59:36 INFO  Thread-5 41103 Actor:185 - Courier invoking listener for Deal
21:59:36 INFO  Thread-5 41103 Actor:266 - received card = C3 values = 0/0 hid = HC0004-08:DEALER:270D47FEC56DEF21
21:59:36 INFO  Thread-5 41103 Trap:82 - Wins: 2 | Lose: 1 | Push: 1 | Breaks: 0 | Blackjacks: 0 | Splits: 0 | Total Hands: 4 | Bankroll: 900.0
21:59:36 INFO  Thread-5 41103 Actor:185 - Courier waiting for connection on port 8001
21:59:36 INFO  Thread-5 41863 Actor:185 - Courier accepted connection on port 8001
21:59:36 INFO  Thread-5 41863 Actor:185 - Courier received message Deal
21:59:36 INFO  Thread-5 41863 Actor:185 - Courier invoking listener for Deal
21:59:36 INFO  Thread-5 41863 Actor:266 - received card = SJ values = 20/20 hid = HC0004-08:YOU:38F4B14CD60C540D
21:59:36 INFO  Thread-5 41863 Trap:82 - Wins: 2 | Lose: 1 | Push: 1 | Breaks: 0 | Blackjacks: 0 | Splits: 0 | Total Hands: 4 | Bankroll: 900.0
21:59:36 INFO  Thread-5 41863 Actor:185 - Courier waiting for connection on port 8001
21:59:37 INFO  Thread-5 42623 Actor:185 - Courier accepted connection on port 8001
21:59:37 INFO  Thread-5 42623 Actor:185 - Courier received message Deal
21:59:37 INFO  Thread-5 42623 Actor:185 - Courier invoking listener for Deal
21:59:37 INFO  Thread-5 42623 Actor:266 - received card = S7 values = 7/7 hid = HC0004-08:DEALER:270D47FEC56DEF21
21:59:37 INFO  Thread-5 42623 Trap:82 - Wins: 2 | Lose: 1 | Push: 1 | Breaks: 0 | Blackjacks: 0 | Splits: 0 | Total Hands: 4 | Bankroll: 900.0
21:59:37 INFO  Thread-5 42623 Actor:185 - Courier waiting for connection on port 8001
21:59:37 INFO  Thread-5 42623 Actor:185 - Courier accepted connection on port 8001
21:59:37 INFO  Thread-5 42623 Actor:185 - Courier received message Play
21:59:37 INFO  Thread-5 42623 Actor:185 - Courier invoking listener for Play
21:59:37 INFO  Thread-5 42623 Actor:276 - got turn = HC0004-08:YOU:38F4B14CD60C540D
21:59:38 INFO  Thread-5 43323 Trap:82 - Wins: 2 | Lose: 1 | Push: 1 | Breaks: 0 | Blackjacks: 0 | Splits: 0 | Total Hands: 4 | Bankroll: 900.0
21:59:38 INFO  Thread-5 43323 Actor:185 - Courier waiting for connection on port 8001
21:59:38 INFO  AWT-EventQueue-0 43513 Actor:185 - Courier sending Stay to 127.0.0.1:8501
21:59:38 INFO  AWT-EventQueue-0 43523 Actor:185 - Courier sent successfully Stay to 127.0.0.1:8501
21:59:38 INFO  Thread-5 43523 Actor:185 - Courier accepted connection on port 8001
21:59:38 INFO  Thread-5 43523 Actor:185 - Courier received message Play
21:59:38 INFO  Thread-5 43523 Actor:185 - Courier invoking listener for Play
21:59:38 INFO  Thread-5 43523 Actor:276 - got turn = HC0004-08:DEALER:270D47FEC56DEF21
21:59:38 INFO  Thread-5 43523 Trap:82 - Wins: 2 | Lose: 1 | Push: 1 | Breaks: 0 | Blackjacks: 0 | Splits: 0 | Total Hands: 4 | Bankroll: 900.0
21:59:38 INFO  Thread-5 43523 Actor:185 - Courier waiting for connection on port 8001
21:59:38 INFO  Thread-5 43523 Actor:185 - Courier accepted connection on port 8001
21:59:38 INFO  Thread-5 43523 Actor:185 - Courier received message Deal
21:59:38 INFO  Thread-5 43523 Actor:185 - Courier invoking listener for Deal
21:59:38 INFO  Thread-5 43523 Actor:266 - received card = null values = 10/10 hid = HC0004-08:DEALER:270D47FEC56DEF21
21:59:38 INFO  Thread-5 43523 Trap:82 - Wins: 2 | Lose: 1 | Push: 1 | Breaks: 0 | Blackjacks: 0 | Splits: 0 | Total Hands: 4 | Bankroll: 900.0
21:59:38 INFO  Thread-5 43523 Actor:185 - Courier waiting for connection on port 8001
21:59:39 INFO  Thread-5 44284 Actor:185 - Courier accepted connection on port 8001
21:59:39 INFO  Thread-5 44284 Actor:185 - Courier received message Deal
21:59:39 INFO  Thread-5 44284 Actor:185 - Courier invoking listener for Deal
21:59:39 INFO  Thread-5 44284 Actor:266 - received card = CA values = 11/21 hid = HC0004-08:DEALER:270D47FEC56DEF21
21:59:39 INFO  Thread-5 44284 Trap:82 - Wins: 2 | Lose: 1 | Push: 1 | Breaks: 0 | Blackjacks: 0 | Splits: 0 | Total Hands: 4 | Bankroll: 900.0
21:59:39 INFO  Thread-5 44284 Actor:185 - Courier waiting for connection on port 8001
21:59:39 INFO  Thread-5 44284 Actor:185 - Courier accepted connection on port 8001
21:59:39 INFO  Thread-5 44284 Actor:185 - Courier received message Loose
21:59:39 INFO  Thread-5 44284 Actor:185 - Courier invoking listener for Loose
21:59:39 INFO  Thread-5 44284 Actor:207 - received outcome = Loose
21:59:39 INFO  Thread-5 44284 ATable:537 - LOOSE for hid = HC0004-08:YOU:38F4B14CD60C540D amt = 100.0
21:59:39 INFO  Thread-5 44284 Trap:82 - Wins: 2 | Lose: 2 | Push: 1 | Breaks: 0 | Blackjacks: 0 | Splits: 0 | Total Hands: 5 | Bankroll: 800.0
21:59:39 INFO  Thread-5 44284 Actor:185 - Courier waiting for connection on port 8001
21:59:39 INFO  Thread-5 44284 Actor:185 - Courier accepted connection on port 8001
21:59:39 INFO  Thread-5 44284 Actor:185 - Courier received message GameOver
21:59:39 INFO  Thread-5 44284 Actor:185 - Courier invoking listener for GameOver
21:59:39 INFO  Thread-5 44284 Actor:287 - received ending shoe size = 23
21:59:39 INFO  Thread-5 44284 ATable:681 - num hands = 2 wins = 0 loses = 1 pushes = 0
21:59:41 INFO  Thread-5 46043 Trap:82 - Wins: 2 | Lose: 2 | Push: 1 | Breaks: 0 | Blackjacks: 0 | Splits: 0 | Total Hands: 5 | Bankroll: 800.0
21:59:41 INFO  Thread-5 46043 Actor:185 - Courier waiting for connection on port 8001

