ant -f E:\\kevDev\\ProjectWorks\\BlackJackGame\\Java\\charlie2 -Djavac.includes=charlie/GameFrame.java -Dnb.internal.action.name=run.single -Drun.class=charlie.GameFrame run-single
init:
Deleting: E:\kevDev\ProjectWorks\BlackJackGame\Java\charlie2\build\built-jar.properties
deps-jar:
Updating property file: E:\kevDev\ProjectWorks\BlackJackGame\Java\charlie2\build\built-jar.properties
Compiling 1 source file to E:\kevDev\ProjectWorks\BlackJackGame\Java\charlie2\build\classes
warning: [options] bootstrap class path not set in conjunction with -source 1.7
1 warning
compile-single:
run-single:
client started
loading charlie.props in loadCardCounter() function
side bet view constructed
successfully loaded side bet view
init done
sent login request
received ticket 3D93CB799B3970BE
login successful
Courier waiting for connection on port 8001
Arriver sending Arrival to 127.0.0.1:1235
Arriver sent successfully Arrival to 127.0.0.1:1235
Arriver sent arrival message
Courier accepted connection on port 8001
Courier received message Ready
Courier invoking listener for Ready
received Ready from kev/192.168.99.1
connected to courier with bankroll = 1000.0
Courier waiting for connection on port 8001
B. side bet amount cleared
B. side bet amount cleared
B. side bet amount cleared
side bet = 0
Courier sending Bet to 127.0.0.1:8501
Courier sent successfully Bet to 127.0.0.1:8501
Courier accepted connection on port 8001
Courier received message GameStart
Courier invoking listener for GameStart
receive starting shoe size = 52
starting hand: kev:YOU:795E3D38A7C6E7FF
starting hand: kev:DEALER:26580A57465A06C
Courier waiting for connection on port 8001
Courier accepted connection on port 8001
Courier received message Deal
Courier invoking listener for Deal
received card = H6 values = 6/6 hid = kev:YOU:795E3D38A7C6E7FF
Courier waiting for connection on port 8001
Courier accepted connection on port 8001
Courier received message Deal
Courier invoking listener for Deal
received card = S7 values = 0/0 hid = kev:DEALER:26580A57465A06C
Courier waiting for connection on port 8001
Courier accepted connection on port 8001
Courier received message Deal
Courier invoking listener for Deal
received card = CQ values = 16/16 hid = kev:YOU:795E3D38A7C6E7FF
Courier waiting for connection on port 8001
Courier accepted connection on port 8001
Courier received message Deal
Courier invoking listener for Deal
received card = S10 values = 10/10 hid = kev:DEALER:26580A57465A06C
Courier waiting for connection on port 8001
Courier accepted connection on port 8001
Courier received message Play
Courier invoking listener for Play
got turn = kev:YOU:795E3D38A7C6E7FF
Courier waiting for connection on port 8001
Courier sending Stay to 127.0.0.1:8501
Courier sent successfully Stay to 127.0.0.1:8501
Courier accepted connection on port 8001
Courier received message Play
Courier invoking listener for Play
got turn = kev:DEALER:26580A57465A06C
Courier waiting for connection on port 8001
Courier accepted connection on port 8001
Courier received message Deal
Courier invoking listener for Deal
received card = null values = 17/17 hid = kev:DEALER:26580A57465A06C
Courier waiting for connection on port 8001
Courier accepted connection on port 8001
Courier received message Lose
Courier invoking listener for Lose
received outcome = Lose
LOOSE for hid = kev:YOU:795E3D38A7C6E7FF amt = 25.0
Courier waiting for connection on port 8001
Courier accepted connection on port 8001
Courier received message GameOver
Courier invoking listener for GameOver
received ending shoe size = 48
num hands = 2 wins = 0 loses = 1 pushes = 0
side bet = 0
Courier sending Bet to 127.0.0.1:8501
Courier sent successfully Bet to 127.0.0.1:8501
Courier waiting for connection on port 8001
Courier accepted connection on port 8001
Courier received message GameStart
Courier invoking listener for GameStart
receive starting shoe size = 48
starting hand: kev:YOU:66C253AAD5DA6422
starting hand: kev:DEALER:20DE96C68C7EEED7
Courier waiting for connection on port 8001
Courier accepted connection on port 8001
Courier received message Deal
Courier invoking listener for Deal
received card = CK values = 10/10 hid = kev:YOU:66C253AAD5DA6422
Courier waiting for connection on port 8001
Courier accepted connection on port 8001
Courier received message Deal
Courier invoking listener for Deal
received card = S3 values = 0/0 hid = kev:DEALER:20DE96C68C7EEED7
Courier waiting for connection on port 8001
Courier accepted connection on port 8001
Courier received message Deal
Courier invoking listener for Deal
received card = H7 values = 17/17 hid = kev:YOU:66C253AAD5DA6422
Courier waiting for connection on port 8001
Courier accepted connection on port 8001
Courier received message Deal
Courier invoking listener for Deal
received card = C6 values = 6/6 hid = kev:DEALER:20DE96C68C7EEED7
Courier waiting for connection on port 8001
Courier accepted connection on port 8001
Courier received message Play
Courier invoking listener for Play
got turn = kev:YOU:66C253AAD5DA6422
Courier waiting for connection on port 8001
Courier sending Stay to 127.0.0.1:8501
Courier sent successfully Stay to 127.0.0.1:8501
Courier accepted connection on port 8001
Courier received message Play
Courier invoking listener for Play
got turn = kev:DEALER:20DE96C68C7EEED7
Courier waiting for connection on port 8001
Courier accepted connection on port 8001
Courier received message Deal
Courier invoking listener for Deal
received card = null values = 9/9 hid = kev:DEALER:20DE96C68C7EEED7
Courier waiting for connection on port 8001
Courier accepted connection on port 8001
Courier received message Deal
Courier invoking listener for Deal
received card = C3 values = 12/12 hid = kev:DEALER:20DE96C68C7EEED7
Courier waiting for connection on port 8001
Courier accepted connection on port 8001
Courier received message Deal
Courier invoking listener for Deal
received card = D4 values = 16/16 hid = kev:DEALER:20DE96C68C7EEED7
Courier waiting for connection on port 8001
Courier accepted connection on port 8001
Courier received message Deal
Courier invoking listener for Deal
received card = D6 values = 22/22 hid = kev:DEALER:20DE96C68C7EEED7
Courier waiting for connection on port 8001
Courier accepted connection on port 8001
Courier received message Win
Courier invoking listener for Win
received outcome = Win
WIN for hid = kev:YOU:66C253AAD5DA6422 amt = 25.0
Courier waiting for connection on port 8001
Courier accepted connection on port 8001
Courier received message GameOver
Courier invoking listener for GameOver
received ending shoe size = 41
num hands = 2 wins = 1 loses = 0 pushes = 0
Courier waiting for connection on port 8001
BUILD SUCCESSFUL (total time: 47 seconds)
