20:59:12 INFO  Thread-2 0 GameFrame:93 - client started
20:59:12 INFO  Thread-2 715 GameFrame:99 - init done
20:59:30 INFO  AWT-EventQueue-0 18220 Actor:63 - sent login request
20:59:30 INFO  AWT-EventQueue-0 18220 Actor:70 - received ticket 3D93CB799B3970BE
20:59:30 INFO  AWT-EventQueue-0 18220 GameFrame:221 - login successful
20:59:30 INFO  Thread-6 18230 Actor:185 - Courier waiting for connection on port 8001
20:59:30 INFO  AWT-EventQueue-0 18240 Actor:185 - Arriver sending Arrival to 127.0.0.1:1235
20:59:30 INFO  AWT-EventQueue-0 18240 Actor:185 - Arriver sent successfully Arrival to 127.0.0.1:1235
20:59:30 INFO  AWT-EventQueue-0 18240 Actor:185 - Arriver sent arrival message
20:59:30 INFO  Thread-6 18240 Actor:185 - Courier accepted connection on port 8001
20:59:30 INFO  Thread-6 18250 Actor:185 - Courier received message Ready
20:59:30 INFO  Thread-6 18250 Actor:185 - Courier invoking listener for Ready
20:59:30 INFO  Thread-6 18250 Actor:232 - received Ready from kev/192.168.99.1
20:59:30 INFO  AWT-EventQueue-0 18250 GameFrame:240 - connected to courier with bankroll = 1000.0
20:59:30 INFO  Thread-6 18250 Actor:185 - Courier waiting for connection on port 8001
20:59:45 INFO  Thread-23 33230 ATable:206 - side bet = 0
20:59:45 INFO  Thread-23 33230 Actor:185 - Courier sending Bet to 127.0.0.1:8501
20:59:45 INFO  Thread-23 33244 Actor:185 - Courier sent successfully Bet to 127.0.0.1:8501
20:59:45 INFO  Thread-6 33254 Actor:185 - Courier accepted connection on port 8001
20:59:45 INFO  Thread-6 33254 Actor:185 - Courier received message GameStart
20:59:45 INFO  Thread-6 33261 Actor:185 - Courier invoking listener for GameStart
20:59:45 INFO  Thread-6 33261 Actor:244 - receive starting shoe size = 47
20:59:45 INFO  Thread-6 33261 Actor:247 - starting hand: kev:YOU:7BCE8DEDBFB3F473
20:59:45 INFO  Thread-6 33261 Actor:247 - starting hand: kev:DEALER:1F03F9602A72C36A
20:59:45 INFO  Thread-6 33261 Actor:185 - Courier waiting for connection on port 8001
20:59:46 INFO  Thread-6 34271 Actor:185 - Courier accepted connection on port 8001
20:59:46 INFO  Thread-6 34271 Actor:185 - Courier received message Deal
20:59:46 INFO  Thread-6 34271 Actor:185 - Courier invoking listener for Deal
20:59:46 INFO  Thread-6 34271 Actor:266 - received card = C2 values = 2/2 hid = kev:YOU:7BCE8DEDBFB3F473
20:59:46 INFO  Thread-6 34281 Actor:185 - Courier waiting for connection on port 8001
20:59:47 INFO  Thread-6 35041 Actor:185 - Courier accepted connection on port 8001
20:59:47 INFO  Thread-6 35044 Actor:185 - Courier received message Deal
20:59:47 INFO  Thread-6 35044 Actor:185 - Courier invoking listener for Deal
20:59:47 INFO  Thread-6 35044 Actor:266 - received card = C9 values = 0/0 hid = kev:DEALER:1F03F9602A72C36A
20:59:47 INFO  Thread-6 35044 Actor:185 - Courier waiting for connection on port 8001
20:59:48 INFO  Thread-6 35801 Actor:185 - Courier accepted connection on port 8001
20:59:48 INFO  Thread-6 35801 Actor:185 - Courier received message Deal
20:59:48 INFO  Thread-6 35801 Actor:185 - Courier invoking listener for Deal
20:59:48 INFO  Thread-6 35801 Actor:266 - received card = SQ values = 12/12 hid = kev:YOU:7BCE8DEDBFB3F473
20:59:48 INFO  Thread-6 35801 Actor:185 - Courier waiting for connection on port 8001
20:59:48 INFO  Thread-6 36570 Actor:185 - Courier accepted connection on port 8001
20:59:48 INFO  Thread-6 36570 Actor:185 - Courier received message Deal
20:59:48 INFO  Thread-6 36575 Actor:185 - Courier invoking listener for Deal
20:59:48 INFO  Thread-6 36575 Actor:266 - received card = D3 values = 3/3 hid = kev:DEALER:1F03F9602A72C36A
20:59:48 INFO  Thread-6 36575 Actor:185 - Courier waiting for connection on port 8001
20:59:48 INFO  Thread-6 36575 Actor:185 - Courier accepted connection on port 8001
20:59:48 INFO  Thread-6 36580 Actor:185 - Courier received message Play
20:59:48 INFO  Thread-6 36580 Actor:185 - Courier invoking listener for Play
20:59:48 INFO  Thread-6 36580 Actor:276 - got turn = kev:YOU:7BCE8DEDBFB3F473
20:59:49 INFO  Thread-6 37290 Actor:185 - Courier waiting for connection on port 8001
20:59:50 INFO  AWT-EventQueue-0 38210 Actor:185 - Courier sending Hit to 127.0.0.1:8501
20:59:50 INFO  AWT-EventQueue-0 38214 Actor:185 - Courier sent successfully Hit to 127.0.0.1:8501
20:59:50 INFO  Thread-6 38214 Actor:185 - Courier accepted connection on port 8001
20:59:50 INFO  Thread-6 38214 Actor:185 - Courier received message Deal
20:59:50 INFO  Thread-6 38214 Actor:185 - Courier invoking listener for Deal
20:59:50 INFO  Thread-6 38214 Actor:266 - received card = H2 values = 14/14 hid = kev:YOU:7BCE8DEDBFB3F473
20:59:50 INFO  Thread-6 38223 Actor:185 - Courier waiting for connection on port 8001
20:59:51 INFO  AWT-EventQueue-0 39500 Actor:185 - Courier sending Hit to 127.0.0.1:8501
20:59:51 INFO  AWT-EventQueue-0 39500 Actor:185 - Courier sent successfully Hit to 127.0.0.1:8501
20:59:51 INFO  Thread-6 39510 Actor:185 - Courier accepted connection on port 8001
20:59:51 INFO  Thread-6 39514 Actor:185 - Courier received message Deal
20:59:51 INFO  Thread-6 39514 Actor:185 - Courier invoking listener for Deal
20:59:51 INFO  Thread-6 39514 Actor:266 - received card = H3 values = 17/17 hid = kev:YOU:7BCE8DEDBFB3F473
20:59:51 INFO  Thread-6 39514 Actor:185 - Courier waiting for connection on port 8001
20:59:54 INFO  AWT-EventQueue-0 42141 Actor:185 - Courier sending Stay to 127.0.0.1:8501
20:59:54 INFO  AWT-EventQueue-0 42141 Actor:185 - Courier sent successfully Stay to 127.0.0.1:8501
20:59:54 INFO  Thread-6 42150 Actor:185 - Courier accepted connection on port 8001
20:59:54 INFO  Thread-6 42150 Actor:185 - Courier received message Play
20:59:54 INFO  Thread-6 42150 Actor:185 - Courier invoking listener for Play
20:59:54 INFO  Thread-6 42150 Actor:276 - got turn = kev:DEALER:1F03F9602A72C36A
20:59:54 INFO  Thread-6 42154 Actor:185 - Courier waiting for connection on port 8001
20:59:54 INFO  Thread-6 42154 Actor:185 - Courier accepted connection on port 8001
20:59:54 INFO  Thread-6 42154 Actor:185 - Courier received message Deal
20:59:54 INFO  Thread-6 42154 Actor:185 - Courier invoking listener for Deal
20:59:54 INFO  Thread-6 42154 Actor:266 - received card = null values = 12/12 hid = kev:DEALER:1F03F9602A72C36A
20:59:54 INFO  Thread-6 42154 Actor:185 - Courier waiting for connection on port 8001
20:59:55 INFO  Thread-6 42921 Actor:185 - Courier accepted connection on port 8001
20:59:55 INFO  Thread-6 42924 Actor:185 - Courier received message Deal
20:59:55 INFO  Thread-6 42924 Actor:185 - Courier invoking listener for Deal
20:59:55 INFO  Thread-6 42924 Actor:266 - received card = S9 values = 21/21 hid = kev:DEALER:1F03F9602A72C36A
20:59:55 INFO  Thread-6 42924 Actor:185 - Courier waiting for connection on port 8001
20:59:55 INFO  Thread-6 42924 Actor:185 - Courier accepted connection on port 8001
20:59:55 INFO  Thread-6 42930 Actor:185 - Courier received message Loose
20:59:55 INFO  Thread-6 42930 Actor:185 - Courier invoking listener for Loose
20:59:55 INFO  Thread-6 42930 Actor:207 - received outcome = Loose
20:59:55 INFO  Thread-6 42934 ATable:537 - LOOSE for hid = kev:YOU:7BCE8DEDBFB3F473 amt = 5000.0
20:59:55 INFO  Thread-6 42934 Actor:185 - Courier waiting for connection on port 8001
20:59:55 INFO  Thread-6 42934 Actor:185 - Courier accepted connection on port 8001
20:59:55 INFO  Thread-6 42934 Actor:185 - Courier received message GameOver
20:59:55 INFO  Thread-6 42934 Actor:185 - Courier invoking listener for GameOver
20:59:55 INFO  Thread-6 42934 Actor:287 - received ending shoe size = 40
20:59:55 INFO  Thread-6 42934 ATable:681 - num hands = 2 wins = 0 loses = 1 pushes = 0
20:59:56 INFO  Thread-6 44701 Actor:185 - Courier waiting for connection on port 8001
20:59:57 INFO  Thread-32 45200 ATable:206 - side bet = 0
20:59:57 INFO  Thread-32 45200 Actor:185 - Courier sending Bet to 127.0.0.1:8501
20:59:57 INFO  Thread-32 45210 Actor:185 - Courier sent successfully Bet to 127.0.0.1:8501
20:59:57 INFO  Thread-6 45214 Actor:185 - Courier accepted connection on port 8001
20:59:57 INFO  Thread-6 45214 Actor:185 - Courier received message GameStart
20:59:57 INFO  Thread-6 45214 Actor:185 - Courier invoking listener for GameStart
20:59:57 INFO  Thread-6 45214 Actor:244 - receive starting shoe size = 40
20:59:57 INFO  Thread-6 45214 Actor:247 - starting hand: kev:YOU:7ED83F41DD2A3537
20:59:57 INFO  Thread-6 45214 Actor:247 - starting hand: kev:DEALER:5263C140F93BF6DD
20:59:57 INFO  Thread-6 45214 Actor:185 - Courier waiting for connection on port 8001
20:59:58 INFO  Thread-6 46241 Actor:185 - Courier accepted connection on port 8001
20:59:58 INFO  Thread-6 46241 Actor:185 - Courier received message Deal
20:59:58 INFO  Thread-6 46241 Actor:185 - Courier invoking listener for Deal
20:59:58 INFO  Thread-6 46241 Actor:266 - received card = HJ values = 10/10 hid = kev:YOU:7ED83F41DD2A3537
20:59:58 INFO  Thread-6 46241 Actor:185 - Courier waiting for connection on port 8001
20:59:59 INFO  Thread-6 47010 Actor:185 - Courier accepted connection on port 8001
20:59:59 INFO  Thread-6 47010 Actor:185 - Courier received message Deal
20:59:59 INFO  Thread-6 47010 Actor:185 - Courier invoking listener for Deal
20:59:59 INFO  Thread-6 47010 Actor:266 - received card = SA values = 0/0 hid = kev:DEALER:5263C140F93BF6DD
20:59:59 INFO  Thread-6 47010 Actor:185 - Courier waiting for connection on port 8001
20:59:59 INFO  Thread-6 47761 Actor:185 - Courier accepted connection on port 8001
20:59:59 INFO  Thread-6 47763 Actor:185 - Courier received message Deal
20:59:59 INFO  Thread-6 47763 Actor:185 - Courier invoking listener for Deal
20:59:59 INFO  Thread-6 47763 Actor:266 - received card = S5 values = 15/15 hid = kev:YOU:7ED83F41DD2A3537
20:59:59 INFO  Thread-6 47765 Actor:185 - Courier waiting for connection on port 8001
21:00:00 INFO  Thread-6 48521 Actor:185 - Courier accepted connection on port 8001
21:00:00 INFO  Thread-6 48521 Actor:185 - Courier received message Deal
21:00:00 INFO  Thread-6 48521 Actor:185 - Courier invoking listener for Deal
21:00:00 INFO  Thread-6 48521 Actor:266 - received card = S2 values = 2/2 hid = kev:DEALER:5263C140F93BF6DD
21:00:00 INFO  Thread-6 48521 Actor:185 - Courier waiting for connection on port 8001
21:00:00 INFO  Thread-6 48521 Actor:185 - Courier accepted connection on port 8001
21:00:00 INFO  Thread-6 48521 Actor:185 - Courier received message Play
21:00:00 INFO  Thread-6 48521 Actor:185 - Courier invoking listener for Play
21:00:00 INFO  Thread-6 48521 Actor:276 - got turn = kev:YOU:7ED83F41DD2A3537
21:00:01 INFO  AWT-EventQueue-0 49211 Actor:185 - Courier sending Hit to 127.0.0.1:8501
21:00:01 INFO  AWT-EventQueue-0 49211 Actor:185 - Courier sent successfully Hit to 127.0.0.1:8501
21:00:01 INFO  Thread-6 49241 Actor:185 - Courier waiting for connection on port 8001
21:00:01 INFO  Thread-6 49241 Actor:185 - Courier accepted connection on port 8001
21:00:01 INFO  Thread-6 49241 Actor:185 - Courier received message Deal
21:00:01 INFO  Thread-6 49241 Actor:185 - Courier invoking listener for Deal
21:00:01 INFO  Thread-6 49241 Actor:266 - received card = D7 values = 22/22 hid = kev:YOU:7ED83F41DD2A3537
21:00:01 INFO  Thread-6 49241 Actor:185 - Courier waiting for connection on port 8001
21:00:01 INFO  Thread-6 49241 Actor:185 - Courier accepted connection on port 8001
21:00:01 INFO  Thread-6 49241 Actor:185 - Courier received message Bust
21:00:01 INFO  Thread-6 49241 Actor:185 - Courier invoking listener for Bust
21:00:01 INFO  Thread-6 49241 Actor:207 - received outcome = Bust
21:00:01 INFO  Thread-6 49241 ATable:482 - BUST for hid = kev:YOU:7ED83F41DD2A3537 amt = 5000.0
21:00:01 INFO  Thread-6 49661 Actor:185 - Courier waiting for connection on port 8001
21:00:01 INFO  Thread-6 49661 Actor:185 - Courier accepted connection on port 8001
21:00:01 INFO  Thread-6 49661 Actor:185 - Courier received message Play
21:00:01 INFO  Thread-6 49661 Actor:185 - Courier invoking listener for Play
21:00:01 INFO  Thread-6 49661 Actor:276 - got turn = kev:DEALER:5263C140F93BF6DD
21:00:01 INFO  Thread-6 49661 Actor:185 - Courier waiting for connection on port 8001
21:00:01 INFO  Thread-6 49661 Actor:185 - Courier accepted connection on port 8001
21:00:01 INFO  Thread-6 49665 Actor:185 - Courier received message Deal
21:00:01 INFO  Thread-6 49665 Actor:185 - Courier invoking listener for Deal
21:00:01 INFO  Thread-6 49665 Actor:266 - received card = null values = 3/13 hid = kev:DEALER:5263C140F93BF6DD
21:00:01 INFO  Thread-6 49665 Actor:185 - Courier waiting for connection on port 8001
21:00:01 INFO  Thread-6 49665 Actor:185 - Courier accepted connection on port 8001
21:00:01 INFO  Thread-6 49665 Actor:185 - Courier received message GameOver
21:00:01 INFO  Thread-6 49665 Actor:185 - Courier invoking listener for GameOver
21:00:01 INFO  Thread-6 49665 Actor:287 - received ending shoe size = 35
21:00:01 INFO  Thread-6 49665 ATable:681 - num hands = 2 wins = 0 loses = 1 pushes = 0
21:00:02 INFO  Thread-38 50653 ATable:206 - side bet = 0
21:00:02 INFO  Thread-38 50653 Actor:185 - Courier sending Bet to 127.0.0.1:8501
21:00:02 INFO  Thread-38 50660 Actor:185 - Courier sent successfully Bet to 127.0.0.1:8501
21:00:03 INFO  Thread-6 51070 Actor:185 - Courier waiting for connection on port 8001
21:00:03 INFO  Thread-6 51070 Actor:185 - Courier accepted connection on port 8001
21:00:03 INFO  Thread-6 51070 Actor:185 - Courier received message GameStart
21:00:03 INFO  Thread-6 51070 Actor:185 - Courier invoking listener for GameStart
21:00:03 INFO  Thread-6 51070 Actor:244 - receive starting shoe size = 35
21:00:03 INFO  Thread-6 51070 Actor:247 - starting hand: kev:YOU:7A62755E5C6955D6
21:00:03 INFO  Thread-6 51070 Actor:247 - starting hand: kev:DEALER:427CF1B54BE36D1D
21:00:03 INFO  Thread-6 51070 Actor:185 - Courier waiting for connection on port 8001
21:00:03 INFO  Thread-6 51684 Actor:185 - Courier accepted connection on port 8001
21:00:03 INFO  Thread-6 51684 Actor:185 - Courier received message Deal
21:00:03 INFO  Thread-6 51684 Actor:185 - Courier invoking listener for Deal
21:00:03 INFO  Thread-6 51684 Actor:266 - received card = C8 values = 8/8 hid = kev:YOU:7A62755E5C6955D6
21:00:03 INFO  Thread-6 51690 Actor:185 - Courier waiting for connection on port 8001
21:00:04 INFO  Thread-6 52450 Actor:185 - Courier accepted connection on port 8001
21:00:04 INFO  Thread-6 52453 Actor:185 - Courier received message Deal
21:00:04 INFO  Thread-6 52453 Actor:185 - Courier invoking listener for Deal
21:00:04 INFO  Thread-6 52453 Actor:266 - received card = S8 values = 0/0 hid = kev:DEALER:427CF1B54BE36D1D
21:00:04 INFO  Thread-6 52460 Actor:185 - Courier waiting for connection on port 8001
21:00:05 INFO  Thread-6 53220 Actor:185 - Courier accepted connection on port 8001
21:00:05 INFO  Thread-6 53220 Actor:185 - Courier received message Deal
21:00:05 INFO  Thread-6 53220 Actor:185 - Courier invoking listener for Deal
21:00:05 INFO  Thread-6 53220 Actor:266 - received card = C10 values = 18/18 hid = kev:YOU:7A62755E5C6955D6
21:00:05 INFO  Thread-6 53230 Actor:185 - Courier waiting for connection on port 8001
21:00:06 INFO  Thread-6 53977 Actor:185 - Courier accepted connection on port 8001
21:00:06 INFO  Thread-6 53978 Actor:185 - Courier received message Deal
21:00:06 INFO  Thread-6 53979 Actor:185 - Courier invoking listener for Deal
21:00:06 INFO  Thread-6 53979 Actor:266 - received card = H7 values = 7/7 hid = kev:DEALER:427CF1B54BE36D1D
21:00:06 INFO  Thread-6 53981 Actor:185 - Courier waiting for connection on port 8001
21:00:06 INFO  Thread-6 53981 Actor:185 - Courier accepted connection on port 8001
21:00:06 INFO  Thread-6 53981 Actor:185 - Courier received message Play
21:00:06 INFO  Thread-6 53981 Actor:185 - Courier invoking listener for Play
21:00:06 INFO  Thread-6 53981 Actor:276 - got turn = kev:YOU:7A62755E5C6955D6
21:00:06 INFO  Thread-6 54680 Actor:185 - Courier waiting for connection on port 8001
21:00:07 INFO  AWT-EventQueue-0 55022 Actor:185 - Courier sending Stay to 127.0.0.1:8501
21:00:07 INFO  AWT-EventQueue-0 55022 Actor:185 - Courier sent successfully Stay to 127.0.0.1:8501
21:00:07 INFO  Thread-6 55022 Actor:185 - Courier accepted connection on port 8001
21:00:07 INFO  Thread-6 55022 Actor:185 - Courier received message Play
21:00:07 INFO  Thread-6 55022 Actor:185 - Courier invoking listener for Play
21:00:07 INFO  Thread-6 55022 Actor:276 - got turn = kev:DEALER:427CF1B54BE36D1D
21:00:07 INFO  Thread-6 55022 Actor:185 - Courier waiting for connection on port 8001
21:00:07 INFO  Thread-6 55022 Actor:185 - Courier accepted connection on port 8001
21:00:07 INFO  Thread-6 55022 Actor:185 - Courier received message Deal
21:00:07 INFO  Thread-6 55022 Actor:185 - Courier invoking listener for Deal
21:00:07 INFO  Thread-6 55022 Actor:266 - received card = null values = 15/15 hid = kev:DEALER:427CF1B54BE36D1D
21:00:07 INFO  Thread-6 55030 Actor:185 - Courier waiting for connection on port 8001
21:00:07 INFO  Thread-6 55781 Actor:185 - Courier accepted connection on port 8001
21:00:07 INFO  Thread-6 55781 Actor:185 - Courier received message Deal
21:00:07 INFO  Thread-6 55781 Actor:185 - Courier invoking listener for Deal
21:00:07 INFO  Thread-6 55781 Actor:266 - received card = C5 values = 20/20 hid = kev:DEALER:427CF1B54BE36D1D
21:00:07 INFO  Thread-6 55784 Actor:185 - Courier waiting for connection on port 8001
21:00:07 INFO  Thread-6 55784 Actor:185 - Courier accepted connection on port 8001
21:00:07 INFO  Thread-6 55784 Actor:185 - Courier received message Loose
21:00:07 INFO  Thread-6 55784 Actor:185 - Courier invoking listener for Loose
21:00:07 INFO  Thread-6 55784 Actor:207 - received outcome = Loose
21:00:07 INFO  Thread-6 55784 ATable:537 - LOOSE for hid = kev:YOU:7A62755E5C6955D6 amt = 5000.0
21:00:07 INFO  Thread-6 55784 Actor:185 - Courier waiting for connection on port 8001
21:00:07 INFO  Thread-6 55784 Actor:185 - Courier accepted connection on port 8001
21:00:07 INFO  Thread-6 55784 Actor:185 - Courier received message GameOver
21:00:07 INFO  Thread-6 55784 Actor:185 - Courier invoking listener for GameOver
21:00:07 INFO  Thread-6 55791 Actor:287 - received ending shoe size = 30
21:00:07 INFO  Thread-6 55791 ATable:681 - num hands = 2 wins = 0 loses = 1 pushes = 0
21:00:09 INFO  Thread-45 57331 ATable:206 - side bet = 0
21:00:09 INFO  Thread-45 57331 Actor:185 - Courier sending Bet to 127.0.0.1:8501
21:00:09 INFO  Thread-45 57331 Actor:185 - Courier sent successfully Bet to 127.0.0.1:8501
21:00:10 INFO  Thread-6 58070 Actor:185 - Courier waiting for connection on port 8001
21:00:10 INFO  Thread-6 58070 Actor:185 - Courier accepted connection on port 8001
21:00:10 INFO  Thread-6 58070 Actor:185 - Courier received message GameStart
21:00:10 INFO  Thread-6 58070 Actor:185 - Courier invoking listener for GameStart
21:00:10 INFO  Thread-6 58070 Actor:244 - receive starting shoe size = 30
21:00:10 INFO  Thread-6 58070 Actor:247 - starting hand: kev:YOU:39DBE2DB698EF948
21:00:10 INFO  Thread-6 58070 Actor:247 - starting hand: kev:DEALER:551622F02AA31AA4
21:00:10 INFO  Thread-6 58070 Actor:185 - Courier waiting for connection on port 8001
21:00:10 INFO  Thread-6 58340 Actor:185 - Courier accepted connection on port 8001
21:00:10 INFO  Thread-6 58340 Actor:185 - Courier received message Deal
21:00:10 INFO  Thread-6 58340 Actor:185 - Courier invoking listener for Deal
21:00:10 INFO  Thread-6 58340 Actor:266 - received card = D2 values = 2/2 hid = kev:YOU:39DBE2DB698EF948
21:00:10 INFO  Thread-6 58340 Actor:185 - Courier waiting for connection on port 8001
21:00:11 INFO  Thread-6 59100 Actor:185 - Courier accepted connection on port 8001
21:00:11 INFO  Thread-6 59100 Actor:185 - Courier received message Deal
21:00:11 INFO  Thread-6 59100 Actor:185 - Courier invoking listener for Deal
21:00:11 INFO  Thread-6 59100 Actor:266 - received card = S4 values = 0/0 hid = kev:DEALER:551622F02AA31AA4
21:00:11 INFO  Thread-6 59100 Actor:185 - Courier waiting for connection on port 8001
21:00:12 INFO  Thread-6 59860 Actor:185 - Courier accepted connection on port 8001
21:00:12 INFO  Thread-6 59860 Actor:185 - Courier received message Deal
21:00:12 INFO  Thread-6 59860 Actor:185 - Courier invoking listener for Deal
21:00:12 INFO  Thread-6 59860 Actor:266 - received card = D9 values = 11/11 hid = kev:YOU:39DBE2DB698EF948
21:00:12 INFO  Thread-6 59860 Actor:185 - Courier waiting for connection on port 8001
21:00:12 INFO  Thread-6 60611 Actor:185 - Courier accepted connection on port 8001
21:00:12 INFO  Thread-6 60611 Actor:185 - Courier received message Deal
21:00:12 INFO  Thread-6 60611 Actor:185 - Courier invoking listener for Deal
21:00:12 INFO  Thread-6 60611 Actor:266 - received card = CQ values = 10/10 hid = kev:DEALER:551622F02AA31AA4
21:00:12 INFO  Thread-6 60611 Actor:185 - Courier waiting for connection on port 8001
21:00:12 INFO  Thread-6 60611 Actor:185 - Courier accepted connection on port 8001
21:00:12 INFO  Thread-6 60611 Actor:185 - Courier received message Play
21:00:12 INFO  Thread-6 60611 Actor:185 - Courier invoking listener for Play
21:00:12 INFO  Thread-6 60611 Actor:276 - got turn = kev:YOU:39DBE2DB698EF948
21:00:13 INFO  Thread-6 61302 Actor:185 - Courier waiting for connection on port 8001
21:00:13 INFO  AWT-EventQueue-0 61600 Actor:185 - Courier sending Hit to 127.0.0.1:8501
21:00:13 INFO  AWT-EventQueue-0 61610 Actor:185 - Courier sent successfully Hit to 127.0.0.1:8501
21:00:13 INFO  Thread-6 61613 Actor:185 - Courier accepted connection on port 8001
21:00:13 INFO  Thread-6 61613 Actor:185 - Courier received message Deal
21:00:13 INFO  Thread-6 61613 Actor:185 - Courier invoking listener for Deal
21:00:13 INFO  Thread-6 61613 Actor:266 - received card = S7 values = 18/18 hid = kev:YOU:39DBE2DB698EF948
21:00:13 INFO  Thread-6 61622 Actor:185 - Courier waiting for connection on port 8001
21:00:15 INFO  AWT-EventQueue-0 62950 Actor:185 - Courier sending Stay to 127.0.0.1:8501
21:00:15 INFO  AWT-EventQueue-0 62950 Actor:185 - Courier sent successfully Stay to 127.0.0.1:8501
21:00:15 INFO  Thread-6 62954 Actor:185 - Courier accepted connection on port 8001
21:00:15 INFO  Thread-6 62954 Actor:185 - Courier received message Play
21:00:15 INFO  Thread-6 62954 Actor:185 - Courier invoking listener for Play
21:00:15 INFO  Thread-6 62954 Actor:276 - got turn = kev:DEALER:551622F02AA31AA4
21:00:15 INFO  Thread-6 62954 Actor:185 - Courier waiting for connection on port 8001
21:00:15 INFO  Thread-6 62954 Actor:185 - Courier accepted connection on port 8001
21:00:15 INFO  Thread-6 62954 Actor:185 - Courier received message Deal
21:00:15 INFO  Thread-6 62954 Actor:185 - Courier invoking listener for Deal
21:00:15 INFO  Thread-6 62954 Actor:266 - received card = null values = 14/14 hid = kev:DEALER:551622F02AA31AA4
21:00:15 INFO  Thread-6 62954 Actor:185 - Courier waiting for connection on port 8001
21:00:15 INFO  Thread-6 63720 Actor:185 - Courier accepted connection on port 8001
21:00:15 INFO  Thread-6 63720 Actor:185 - Courier received message Deal
21:00:15 INFO  Thread-6 63720 Actor:185 - Courier invoking listener for Deal
21:00:15 INFO  Thread-6 63720 Actor:266 - received card = D10 values = 24/24 hid = kev:DEALER:551622F02AA31AA4
21:00:15 INFO  Thread-6 63723 Actor:185 - Courier waiting for connection on port 8001
21:00:15 INFO  Thread-6 63723 Actor:185 - Courier accepted connection on port 8001
21:00:15 INFO  Thread-6 63723 Actor:185 - Courier received message Win
21:00:15 INFO  Thread-6 63723 Actor:185 - Courier invoking listener for Win
21:00:15 INFO  Thread-6 63723 Actor:207 - received outcome = Win
21:00:15 INFO  Thread-6 63723 ATable:511 - WIN for hid = kev:YOU:39DBE2DB698EF948 amt = 5000.0
21:00:15 INFO  Thread-6 63723 Actor:185 - Courier waiting for connection on port 8001
21:00:15 INFO  Thread-6 63723 Actor:185 - Courier accepted connection on port 8001
21:00:15 INFO  Thread-6 63723 Actor:185 - Courier received message GameOver
21:00:15 INFO  Thread-6 63723 Actor:185 - Courier invoking listener for GameOver
21:00:15 INFO  Thread-6 63723 Actor:287 - received ending shoe size = 24
21:00:15 INFO  Thread-6 63723 ATable:681 - num hands = 2 wins = 1 loses = 0 pushes = 0
21:00:17 INFO  Thread-53 65111 ATable:206 - side bet = 0
21:00:17 INFO  Thread-53 65111 Actor:185 - Courier sending Bet to 127.0.0.1:8501
21:00:17 INFO  Thread-53 65111 Actor:185 - Courier sent successfully Bet to 127.0.0.1:8501
21:00:18 INFO  Thread-6 66490 Actor:185 - Courier waiting for connection on port 8001
21:00:18 INFO  Thread-6 66490 Actor:185 - Courier accepted connection on port 8001
21:00:18 INFO  Thread-6 66490 Actor:185 - Courier received message GameStart
21:00:18 INFO  Thread-6 66490 Actor:185 - Courier invoking listener for GameStart
21:00:18 INFO  Thread-6 66490 Actor:244 - receive starting shoe size = 24
21:00:18 INFO  Thread-6 66490 Actor:247 - starting hand: kev:YOU:15416A122A39581F
21:00:18 INFO  Thread-6 66490 Actor:247 - starting hand: kev:DEALER:526C0BE9F599F7C
21:00:18 INFO  Thread-6 66490 Actor:185 - Courier waiting for connection on port 8001
21:00:18 INFO  Thread-6 66490 Actor:185 - Courier accepted connection on port 8001
21:00:18 INFO  Thread-6 66490 Actor:185 - Courier received message Deal
21:00:18 INFO  Thread-6 66490 Actor:185 - Courier invoking listener for Deal
21:00:18 INFO  Thread-6 66490 Actor:266 - received card = H6 values = 6/6 hid = kev:YOU:15416A122A39581F
21:00:18 INFO  Thread-6 66490 Actor:185 - Courier waiting for connection on port 8001
21:00:19 INFO  Thread-6 66920 Actor:185 - Courier accepted connection on port 8001
21:00:19 INFO  Thread-6 66920 Actor:185 - Courier received message Deal
21:00:19 INFO  Thread-6 66920 Actor:185 - Courier invoking listener for Deal
21:00:19 INFO  Thread-6 66920 Actor:266 - received card = S10 values = 0/0 hid = kev:DEALER:526C0BE9F599F7C
21:00:19 INFO  Thread-6 66920 Actor:185 - Courier waiting for connection on port 8001
21:00:19 INFO  Thread-6 67690 Actor:185 - Courier accepted connection on port 8001
21:00:19 INFO  Thread-6 67690 Actor:185 - Courier received message Deal
21:00:19 INFO  Thread-6 67690 Actor:185 - Courier invoking listener for Deal
21:00:19 INFO  Thread-6 67690 Actor:266 - received card = HA values = 7/17 hid = kev:YOU:15416A122A39581F
21:00:19 INFO  Thread-6 67695 Actor:185 - Courier waiting for connection on port 8001
21:00:20 INFO  Thread-6 68450 Actor:185 - Courier accepted connection on port 8001
21:00:20 INFO  Thread-6 68450 Actor:185 - Courier received message Deal
21:00:20 INFO  Thread-6 68450 Actor:185 - Courier invoking listener for Deal
21:00:20 INFO  Thread-6 68450 Actor:266 - received card = D8 values = 8/8 hid = kev:DEALER:526C0BE9F599F7C
21:00:20 INFO  Thread-6 68450 Actor:185 - Courier waiting for connection on port 8001
21:00:20 INFO  Thread-6 68450 Actor:185 - Courier accepted connection on port 8001
21:00:20 INFO  Thread-6 68450 Actor:185 - Courier received message Play
21:00:20 INFO  Thread-6 68450 Actor:185 - Courier invoking listener for Play
21:00:20 INFO  Thread-6 68450 Actor:276 - got turn = kev:YOU:15416A122A39581F
21:00:21 INFO  Thread-6 69170 Actor:185 - Courier waiting for connection on port 8001
21:00:22 INFO  AWT-EventQueue-0 69950 Actor:185 - Courier sending Stay to 127.0.0.1:8501
21:00:22 INFO  AWT-EventQueue-0 69950 Actor:185 - Courier sent successfully Stay to 127.0.0.1:8501
21:00:22 INFO  Thread-6 69954 Actor:185 - Courier accepted connection on port 8001
21:00:22 INFO  Thread-6 69954 Actor:185 - Courier received message Play
21:00:22 INFO  Thread-6 69954 Actor:185 - Courier invoking listener for Play
21:00:22 INFO  Thread-6 69954 Actor:276 - got turn = kev:DEALER:526C0BE9F599F7C
21:00:22 INFO  Thread-6 69954 Actor:185 - Courier waiting for connection on port 8001
21:00:22 INFO  Thread-6 69954 Actor:185 - Courier accepted connection on port 8001
21:00:22 INFO  Thread-6 69954 Actor:185 - Courier received message Deal
21:00:22 INFO  Thread-6 69954 Actor:185 - Courier invoking listener for Deal
21:00:22 INFO  Thread-6 69954 Actor:266 - received card = null values = 18/18 hid = kev:DEALER:526C0BE9F599F7C
21:00:22 INFO  Thread-6 69954 Actor:185 - Courier waiting for connection on port 8001
21:00:22 INFO  Thread-6 69954 Actor:185 - Courier accepted connection on port 8001
21:00:22 INFO  Thread-6 69954 Actor:185 - Courier received message Loose
21:00:22 INFO  Thread-6 69954 Actor:185 - Courier invoking listener for Loose
21:00:22 INFO  Thread-6 69954 Actor:207 - received outcome = Loose
21:00:22 INFO  Thread-6 69954 ATable:537 - LOOSE for hid = kev:YOU:15416A122A39581F amt = 5000.0
21:00:22 INFO  Thread-6 69954 Actor:185 - Courier waiting for connection on port 8001
21:00:22 INFO  Thread-6 69954 Actor:185 - Courier accepted connection on port 8001
21:00:22 INFO  Thread-6 69961 Actor:185 - Courier received message GameOver
21:00:22 INFO  Thread-6 69961 Actor:185 - Courier invoking listener for GameOver
21:00:22 INFO  Thread-6 69961 Actor:287 - received ending shoe size = 20
21:00:22 INFO  Thread-6 69961 ATable:681 - num hands = 2 wins = 0 loses = 1 pushes = 0
21:00:24 INFO  Thread-58 71991 ATable:206 - side bet = 0
21:00:24 INFO  Thread-58 71991 Actor:185 - Courier sending Bet to 127.0.0.1:8501
21:00:24 INFO  Thread-58 72000 Actor:185 - Courier sent successfully Bet to 127.0.0.1:8501
21:00:24 INFO  Thread-6 72251 Actor:185 - Courier waiting for connection on port 8001
21:00:24 INFO  Thread-6 72251 Actor:185 - Courier accepted connection on port 8001
21:00:24 INFO  Thread-6 72251 Actor:185 - Courier received message GameStart
21:00:24 INFO  Thread-6 72251 Actor:185 - Courier invoking listener for GameStart
21:00:24 INFO  Thread-6 72253 Actor:244 - receive starting shoe size = 20
21:00:24 INFO  Thread-6 72253 Actor:247 - starting hand: kev:YOU:2853C935247B856
21:00:24 INFO  Thread-6 72253 Actor:247 - starting hand: kev:DEALER:3F46A0A7E8651403
21:00:24 INFO  Thread-6 72253 Actor:185 - Courier waiting for connection on port 8001
21:00:25 INFO  Thread-6 73031 Actor:185 - Courier accepted connection on port 8001
21:00:25 INFO  Thread-6 73035 Actor:185 - Courier received message Deal
21:00:25 INFO  Thread-6 73035 Actor:185 - Courier invoking listener for Deal
21:00:25 INFO  Thread-6 73035 Actor:266 - received card = H5 values = 5/5 hid = kev:YOU:2853C935247B856
21:00:25 INFO  Thread-6 73044 Actor:185 - Courier waiting for connection on port 8001
21:00:26 INFO  Thread-6 73803 Actor:185 - Courier accepted connection on port 8001
21:00:26 INFO  Thread-6 73803 Actor:185 - Courier received message Deal
21:00:26 INFO  Thread-6 73803 Actor:185 - Courier invoking listener for Deal
21:00:26 INFO  Thread-6 73803 Actor:266 - received card = C3 values = 0/0 hid = kev:DEALER:3F46A0A7E8651403
21:00:26 INFO  Thread-6 73814 Actor:185 - Courier waiting for connection on port 8001
21:00:26 INFO  Thread-6 73814 Actor:185 - Courier accepted connection on port 8001
21:00:26 INFO  Thread-6 73814 Actor:185 - Courier received message Shuffle
21:00:26 INFO  Thread-6 73814 Actor:185 - Courier invoking listener for Shuffle
21:00:26 INFO  Thread-6 73814 Actor:296 - received shuffle
21:00:26 INFO  Thread-6 73814 Actor:185 - Courier waiting for connection on port 8001
21:00:26 INFO  Thread-6 74571 Actor:185 - Courier accepted connection on port 8001
21:00:26 INFO  Thread-6 74571 Actor:185 - Courier received message Deal
21:00:26 INFO  Thread-6 74574 Actor:185 - Courier invoking listener for Deal
21:00:26 INFO  Thread-6 74574 Actor:266 - received card = D5 values = 10/10 hid = kev:YOU:2853C935247B856
21:00:26 INFO  Thread-6 74584 Actor:185 - Courier waiting for connection on port 8001
21:00:27 INFO  Thread-6 75331 Actor:185 - Courier accepted connection on port 8001
21:00:27 INFO  Thread-6 75331 Actor:185 - Courier received message Deal
21:00:27 INFO  Thread-6 75331 Actor:185 - Courier invoking listener for Deal
21:00:27 INFO  Thread-6 75331 Actor:266 - received card = CA values = 1/11 hid = kev:DEALER:3F46A0A7E8651403
21:00:27 INFO  Thread-6 75331 Actor:185 - Courier waiting for connection on port 8001
21:00:27 INFO  Thread-6 75331 Actor:185 - Courier accepted connection on port 8001
21:00:27 INFO  Thread-6 75331 Actor:185 - Courier received message Play
21:00:27 INFO  Thread-6 75331 Actor:185 - Courier invoking listener for Play
21:00:27 INFO  Thread-6 75331 Actor:276 - got turn = kev:YOU:2853C935247B856
21:00:28 INFO  Thread-6 76041 Actor:185 - Courier waiting for connection on port 8001
21:00:29 INFO  AWT-EventQueue-0 77740 Actor:185 - Courier sending Hit to 127.0.0.1:8501
21:00:29 INFO  AWT-EventQueue-0 77740 Actor:185 - Courier sent successfully Hit to 127.0.0.1:8501
21:00:29 INFO  Thread-6 77744 Actor:185 - Courier accepted connection on port 8001
21:00:29 INFO  Thread-6 77744 Actor:185 - Courier received message Deal
21:00:29 INFO  Thread-6 77744 Actor:185 - Courier invoking listener for Deal
21:00:29 INFO  Thread-6 77744 Actor:266 - received card = H8 values = 18/18 hid = kev:YOU:2853C935247B856
21:00:29 INFO  Thread-6 77754 Actor:185 - Courier waiting for connection on port 8001
21:00:32 INFO  AWT-EventQueue-0 80010 Actor:185 - Courier sending Stay to 127.0.0.1:8501
21:00:32 INFO  AWT-EventQueue-0 80010 Actor:185 - Courier sent successfully Stay to 127.0.0.1:8501
21:00:32 INFO  Thread-6 80010 Actor:185 - Courier accepted connection on port 8001
21:00:32 INFO  Thread-6 80010 Actor:185 - Courier received message Play
21:00:32 INFO  Thread-6 80010 Actor:185 - Courier invoking listener for Play
21:00:32 INFO  Thread-6 80010 Actor:276 - got turn = kev:DEALER:3F46A0A7E8651403
21:00:32 INFO  Thread-6 80010 Actor:185 - Courier waiting for connection on port 8001
21:00:32 INFO  Thread-6 80010 Actor:185 - Courier accepted connection on port 8001
21:00:32 INFO  Thread-6 80020 Actor:185 - Courier received message Deal
21:00:32 INFO  Thread-6 80020 Actor:185 - Courier invoking listener for Deal
21:00:32 INFO  Thread-6 80020 Actor:266 - received card = null values = 4/14 hid = kev:DEALER:3F46A0A7E8651403
21:00:32 INFO  Thread-6 80020 Actor:185 - Courier waiting for connection on port 8001
21:00:32 INFO  Thread-6 80780 Actor:185 - Courier accepted connection on port 8001
21:00:32 INFO  Thread-6 80780 Actor:185 - Courier received message Deal
21:00:32 INFO  Thread-6 80784 Actor:185 - Courier invoking listener for Deal
21:00:32 INFO  Thread-6 80784 Actor:266 - received card = DK values = 14/24 hid = kev:DEALER:3F46A0A7E8651403
21:00:32 INFO  Thread-6 80791 Actor:185 - Courier waiting for connection on port 8001
21:00:33 INFO  Thread-6 81550 Actor:185 - Courier accepted connection on port 8001
21:00:33 INFO  Thread-6 81552 Actor:185 - Courier received message Deal
21:00:33 INFO  Thread-6 81552 Actor:185 - Courier invoking listener for Deal
21:00:33 INFO  Thread-6 81554 Actor:266 - received card = H10 values = 24/34 hid = kev:DEALER:3F46A0A7E8651403
21:00:33 INFO  Thread-6 81554 Actor:185 - Courier waiting for connection on port 8001
21:00:33 INFO  Thread-6 81554 Actor:185 - Courier accepted connection on port 8001
21:00:33 INFO  Thread-6 81554 Actor:185 - Courier received message Win
21:00:33 INFO  Thread-6 81554 Actor:185 - Courier invoking listener for Win
21:00:33 INFO  Thread-6 81554 Actor:207 - received outcome = Win
21:00:33 INFO  Thread-6 81554 ATable:511 - WIN for hid = kev:YOU:2853C935247B856 amt = 5000.0
21:00:33 INFO  Thread-6 81554 Actor:185 - Courier waiting for connection on port 8001
21:00:33 INFO  Thread-6 81560 Actor:185 - Courier accepted connection on port 8001
21:00:33 INFO  Thread-6 81560 Actor:185 - Courier received message GameOver
21:00:33 INFO  Thread-6 81560 Actor:185 - Courier invoking listener for GameOver
21:00:33 INFO  Thread-6 81560 Actor:287 - received ending shoe size = 52
21:00:33 INFO  Thread-6 81560 ATable:681 - num hands = 2 wins = 1 loses = 0 pushes = 0
21:00:34 INFO  Thread-6 82611 Actor:185 - Courier waiting for connection on port 8001
21:00:38 INFO  Thread-67 86701 ATable:206 - side bet = 0
21:00:38 INFO  Thread-67 86701 Actor:185 - Courier sending Bet to 127.0.0.1:8501
21:00:38 INFO  Thread-67 86701 Actor:185 - Courier sent successfully Bet to 127.0.0.1:8501
21:00:38 INFO  Thread-6 86704 Actor:185 - Courier accepted connection on port 8001
21:00:38 INFO  Thread-6 86705 Actor:185 - Courier received message GameStart
21:00:38 INFO  Thread-6 86706 Actor:185 - Courier invoking listener for GameStart
21:00:38 INFO  Thread-6 86706 Actor:244 - receive starting shoe size = 52
21:00:38 INFO  Thread-6 86706 Actor:247 - starting hand: kev:YOU:41CB1EDF81FA9612
21:00:38 INFO  Thread-6 86706 Actor:247 - starting hand: kev:DEALER:1E30F4E978B30DED
21:00:38 INFO  Thread-6 86706 Actor:185 - Courier waiting for connection on port 8001
21:00:39 INFO  Thread-6 87730 Actor:185 - Courier accepted connection on port 8001
21:00:39 INFO  Thread-6 87730 Actor:185 - Courier received message Deal
21:00:39 INFO  Thread-6 87730 Actor:185 - Courier invoking listener for Deal
21:00:39 INFO  Thread-6 87730 Actor:266 - received card = H7 values = 7/7 hid = kev:YOU:41CB1EDF81FA9612
21:00:39 INFO  Thread-6 87730 Actor:185 - Courier waiting for connection on port 8001
21:00:40 INFO  Thread-6 88490 Actor:185 - Courier accepted connection on port 8001
21:00:40 INFO  Thread-6 88490 Actor:185 - Courier received message Deal
21:00:40 INFO  Thread-6 88490 Actor:185 - Courier invoking listener for Deal
21:00:40 INFO  Thread-6 88490 Actor:266 - received card = S4 values = 0/0 hid = kev:DEALER:1E30F4E978B30DED
21:00:40 INFO  Thread-6 88490 Actor:185 - Courier waiting for connection on port 8001
21:00:41 INFO  Thread-6 89260 Actor:185 - Courier accepted connection on port 8001
21:00:41 INFO  Thread-6 89260 Actor:185 - Courier received message Deal
21:00:41 INFO  Thread-6 89260 Actor:185 - Courier invoking listener for Deal
21:00:41 INFO  Thread-6 89260 Actor:266 - received card = S2 values = 9/9 hid = kev:YOU:41CB1EDF81FA9612
21:00:41 INFO  Thread-6 89260 Actor:185 - Courier waiting for connection on port 8001
21:00:42 INFO  Thread-6 90030 Actor:185 - Courier accepted connection on port 8001
21:00:42 INFO  Thread-6 90030 Actor:185 - Courier received message Deal
21:00:42 INFO  Thread-6 90030 Actor:185 - Courier invoking listener for Deal
21:00:42 INFO  Thread-6 90034 Actor:266 - received card = SQ values = 10/10 hid = kev:DEALER:1E30F4E978B30DED
21:00:42 INFO  Thread-6 90034 Actor:185 - Courier waiting for connection on port 8001
21:00:42 INFO  Thread-6 90034 Actor:185 - Courier accepted connection on port 8001
21:00:42 INFO  Thread-6 90034 Actor:185 - Courier received message Play
21:00:42 INFO  Thread-6 90034 Actor:185 - Courier invoking listener for Play
21:00:42 INFO  Thread-6 90034 Actor:276 - got turn = kev:YOU:41CB1EDF81FA9612
21:00:42 INFO  Thread-6 90741 Actor:185 - Courier waiting for connection on port 8001
21:00:45 INFO  AWT-EventQueue-0 93151 Actor:185 - Courier sending Hit to 127.0.0.1:8501
21:00:45 INFO  AWT-EventQueue-0 93151 Actor:185 - Courier sent successfully Hit to 127.0.0.1:8501
21:00:45 INFO  Thread-6 93151 Actor:185 - Courier accepted connection on port 8001
21:00:45 INFO  Thread-6 93151 Actor:185 - Courier received message Deal
21:00:45 INFO  Thread-6 93151 Actor:185 - Courier invoking listener for Deal
21:00:45 INFO  Thread-6 93151 Actor:266 - received card = D4 values = 13/13 hid = kev:YOU:41CB1EDF81FA9612
21:00:45 INFO  Thread-6 93160 Actor:185 - Courier waiting for connection on port 8001
21:00:48 INFO  AWT-EventQueue-0 95834 Actor:185 - Courier sending Hit to 127.0.0.1:8501
21:00:48 INFO  AWT-EventQueue-0 95834 Actor:185 - Courier sent successfully Hit to 127.0.0.1:8501
21:00:48 INFO  Thread-6 95834 Actor:185 - Courier accepted connection on port 8001
21:00:48 INFO  Thread-6 95834 Actor:185 - Courier received message Deal
21:00:48 INFO  Thread-6 95834 Actor:185 - Courier invoking listener for Deal
21:00:48 INFO  Thread-6 95834 Actor:266 - received card = HQ values = 23/23 hid = kev:YOU:41CB1EDF81FA9612
21:00:48 INFO  Thread-6 95844 Actor:185 - Courier waiting for connection on port 8001
21:00:48 INFO  Thread-6 95844 Actor:185 - Courier accepted connection on port 8001
21:00:48 INFO  Thread-6 95844 Actor:185 - Courier received message Bust
21:00:48 INFO  Thread-6 95844 Actor:185 - Courier invoking listener for Bust
21:00:48 INFO  Thread-6 95844 Actor:207 - received outcome = Bust
21:00:48 INFO  Thread-6 95844 ATable:482 - BUST for hid = kev:YOU:41CB1EDF81FA9612 amt = 5000.0
21:00:48 INFO  Thread-6 96251 Actor:185 - Courier waiting for connection on port 8001
21:00:48 INFO  Thread-6 96251 Actor:185 - Courier accepted connection on port 8001
21:00:48 INFO  Thread-6 96251 Actor:185 - Courier received message Play
21:00:48 INFO  Thread-6 96252 Actor:185 - Courier invoking listener for Play
21:00:48 INFO  Thread-6 96252 Actor:276 - got turn = kev:DEALER:1E30F4E978B30DED
21:00:48 INFO  Thread-6 96252 Actor:185 - Courier waiting for connection on port 8001
21:00:48 INFO  Thread-6 96252 Actor:185 - Courier accepted connection on port 8001
21:00:48 INFO  Thread-6 96253 Actor:185 - Courier received message Deal
21:00:48 INFO  Thread-6 96253 Actor:185 - Courier invoking listener for Deal
21:00:48 INFO  Thread-6 96253 Actor:266 - received card = null values = 14/14 hid = kev:DEALER:1E30F4E978B30DED
21:00:48 INFO  Thread-6 96253 Actor:185 - Courier waiting for connection on port 8001
21:00:48 INFO  Thread-6 96254 Actor:185 - Courier accepted connection on port 8001
21:00:48 INFO  Thread-6 96254 Actor:185 - Courier received message GameOver
21:00:48 INFO  Thread-6 96254 Actor:185 - Courier invoking listener for GameOver
21:00:48 INFO  Thread-6 96254 Actor:287 - received ending shoe size = 46
21:00:48 INFO  Thread-6 96254 ATable:681 - num hands = 2 wins = 0 loses = 1 pushes = 0
21:00:49 INFO  Thread-6 97030 Actor:185 - Courier waiting for connection on port 8001
21:00:49 INFO  Thread-75 97491 ATable:206 - side bet = 0
21:00:49 INFO  Thread-75 97491 Actor:185 - Courier sending Bet to 127.0.0.1:8501
21:00:49 INFO  Thread-75 97500 Actor:185 - Courier sent successfully Bet to 127.0.0.1:8501
21:00:49 INFO  Thread-6 97500 Actor:185 - Courier accepted connection on port 8001
21:00:49 INFO  Thread-6 97500 Actor:185 - Courier received message GameStart
21:00:49 INFO  Thread-6 97500 Actor:185 - Courier invoking listener for GameStart
21:00:49 INFO  Thread-6 97504 Actor:244 - receive starting shoe size = 46
21:00:49 INFO  Thread-6 97504 Actor:247 - starting hand: kev:YOU:75A1249D6C064801
21:00:49 INFO  Thread-6 97504 Actor:247 - starting hand: kev:DEALER:3AAD5382E504635E
21:00:49 INFO  Thread-6 97504 Actor:185 - Courier waiting for connection on port 8001
21:00:50 INFO  Thread-6 98520 Actor:185 - Courier accepted connection on port 8001
21:00:50 INFO  Thread-6 98520 Actor:185 - Courier received message Deal
21:00:50 INFO  Thread-6 98520 Actor:185 - Courier invoking listener for Deal
21:00:50 INFO  Thread-6 98520 Actor:266 - received card = H9 values = 9/9 hid = kev:YOU:75A1249D6C064801
21:00:50 INFO  Thread-6 98520 Actor:185 - Courier waiting for connection on port 8001
21:00:51 INFO  Thread-6 99271 Actor:185 - Courier accepted connection on port 8001
21:00:51 INFO  Thread-6 99271 Actor:185 - Courier received message Deal
21:00:51 INFO  Thread-6 99271 Actor:185 - Courier invoking listener for Deal
21:00:51 INFO  Thread-6 99271 Actor:266 - received card = CQ values = 0/0 hid = kev:DEALER:3AAD5382E504635E
21:00:51 INFO  Thread-6 99271 Actor:185 - Courier waiting for connection on port 8001
21:00:52 INFO  Thread-6 100040 Actor:185 - Courier accepted connection on port 8001
21:00:52 INFO  Thread-6 100040 Actor:185 - Courier received message Deal
21:00:52 INFO  Thread-6 100040 Actor:185 - Courier invoking listener for Deal
21:00:52 INFO  Thread-6 100040 Actor:266 - received card = H3 values = 12/12 hid = kev:YOU:75A1249D6C064801
21:00:52 INFO  Thread-6 100040 Actor:185 - Courier waiting for connection on port 8001
21:00:53 INFO  Thread-6 100813 Actor:185 - Courier accepted connection on port 8001
21:00:53 INFO  Thread-6 100813 Actor:185 - Courier received message Deal
21:00:53 INFO  Thread-6 100813 Actor:185 - Courier invoking listener for Deal
21:00:53 INFO  Thread-6 100813 Actor:266 - received card = DJ values = 10/10 hid = kev:DEALER:3AAD5382E504635E
21:00:53 INFO  Thread-6 100819 Actor:185 - Courier waiting for connection on port 8001
21:00:53 INFO  Thread-6 100824 Actor:185 - Courier accepted connection on port 8001
21:00:53 INFO  Thread-6 100824 Actor:185 - Courier received message Play
21:00:53 INFO  Thread-6 100824 Actor:185 - Courier invoking listener for Play
21:00:53 INFO  Thread-6 100824 Actor:276 - got turn = kev:YOU:75A1249D6C064801
21:00:53 INFO  Thread-6 101531 Actor:185 - Courier waiting for connection on port 8001
21:00:54 INFO  AWT-EventQueue-0 102450 Actor:185 - Courier sending DoubleDown to 127.0.0.1:8501
21:00:54 INFO  AWT-EventQueue-0 102450 Actor:185 - Courier sent successfully DoubleDown to 127.0.0.1:8501
21:00:54 INFO  Thread-6 102461 Actor:185 - Courier accepted connection on port 8001
21:00:54 INFO  Thread-6 102461 Actor:185 - Courier received message Deal
21:00:54 INFO  Thread-6 102461 Actor:185 - Courier invoking listener for Deal
21:00:54 INFO  Thread-6 102461 Actor:266 - received card = S9 values = 21/21 hid = kev:YOU:75A1249D6C064801
21:00:54 INFO  Thread-6 102461 Actor:185 - Courier waiting for connection on port 8001
21:00:54 INFO  Thread-6 102461 Actor:185 - Courier accepted connection on port 8001
21:00:54 INFO  Thread-6 102461 Actor:185 - Courier received message Play
21:00:54 INFO  Thread-6 102461 Actor:185 - Courier invoking listener for Play
21:00:54 INFO  Thread-6 102464 Actor:276 - got turn = kev:DEALER:3AAD5382E504635E
21:00:54 INFO  Thread-6 102464 Actor:185 - Courier waiting for connection on port 8001
21:00:54 INFO  Thread-6 102464 Actor:185 - Courier accepted connection on port 8001
21:00:54 INFO  Thread-6 102464 Actor:185 - Courier received message Deal
21:00:54 INFO  Thread-6 102464 Actor:185 - Courier invoking listener for Deal
21:00:54 INFO  Thread-6 102464 Actor:266 - received card = null values = 20/20 hid = kev:DEALER:3AAD5382E504635E
21:00:54 INFO  Thread-6 102464 Actor:185 - Courier waiting for connection on port 8001
21:00:54 INFO  Thread-6 102464 Actor:185 - Courier accepted connection on port 8001
21:00:54 INFO  Thread-6 102464 Actor:185 - Courier received message Win
21:00:54 INFO  Thread-6 102464 Actor:185 - Courier invoking listener for Win
21:00:54 INFO  Thread-6 102464 Actor:207 - received outcome = Win
21:00:54 INFO  Thread-6 102464 ATable:511 - WIN for hid = kev:YOU:75A1249D6C064801 amt = 10000.0
21:00:54 INFO  Thread-6 102464 Actor:185 - Courier waiting for connection on port 8001
21:00:54 INFO  Thread-6 102464 Actor:185 - Courier accepted connection on port 8001
21:00:54 INFO  Thread-6 102464 Actor:185 - Courier received message GameOver
21:00:54 INFO  Thread-6 102464 Actor:185 - Courier invoking listener for GameOver
21:00:54 INFO  Thread-6 102464 Actor:287 - received ending shoe size = 41
21:00:54 INFO  Thread-6 102464 ATable:681 - num hands = 2 wins = 1 loses = 0 pushes = 0
21:00:55 INFO  Thread-6 103511 Actor:185 - Courier waiting for connection on port 8001
21:00:58 INFO  Thread-81 105961 ATable:206 - side bet = 0
21:00:58 INFO  Thread-81 105961 Actor:185 - Courier sending Bet to 127.0.0.1:8501
21:00:58 INFO  Thread-81 105970 Actor:185 - Courier sent successfully Bet to 127.0.0.1:8501
21:00:58 INFO  Thread-6 105974 Actor:185 - Courier accepted connection on port 8001
21:00:58 INFO  Thread-6 105974 Actor:185 - Courier received message GameStart
21:00:58 INFO  Thread-6 105974 Actor:185 - Courier invoking listener for GameStart
21:00:58 INFO  Thread-6 105974 Actor:244 - receive starting shoe size = 41
21:00:58 INFO  Thread-6 105974 Actor:247 - starting hand: kev:YOU:2C1B3389D472EA05
21:00:58 INFO  Thread-6 105974 Actor:247 - starting hand: kev:DEALER:264F2F6DE1085265
21:00:58 INFO  Thread-6 105974 Actor:185 - Courier waiting for connection on port 8001
21:00:59 INFO  Thread-6 107000 Actor:185 - Courier accepted connection on port 8001
21:00:59 INFO  Thread-6 107000 Actor:185 - Courier received message Deal
21:00:59 INFO  Thread-6 107000 Actor:185 - Courier invoking listener for Deal
21:00:59 INFO  Thread-6 107000 Actor:266 - received card = SJ values = 10/10 hid = kev:YOU:2C1B3389D472EA05
21:00:59 INFO  Thread-6 107000 Actor:185 - Courier waiting for connection on port 8001
21:00:59 INFO  Thread-6 107761 Actor:185 - Courier accepted connection on port 8001
21:00:59 INFO  Thread-6 107761 Actor:185 - Courier received message Deal
21:00:59 INFO  Thread-6 107761 Actor:185 - Courier invoking listener for Deal
21:00:59 INFO  Thread-6 107761 Actor:266 - received card = DK values = 0/0 hid = kev:DEALER:264F2F6DE1085265
21:00:59 INFO  Thread-6 107761 Actor:185 - Courier waiting for connection on port 8001
21:01:00 INFO  Thread-6 108521 Actor:185 - Courier accepted connection on port 8001
21:01:00 INFO  Thread-6 108521 Actor:185 - Courier received message Deal
21:01:00 INFO  Thread-6 108521 Actor:185 - Courier invoking listener for Deal
21:01:00 INFO  Thread-6 108521 Actor:266 - received card = D8 values = 18/18 hid = kev:YOU:2C1B3389D472EA05
21:01:00 INFO  Thread-6 108521 Actor:185 - Courier waiting for connection on port 8001
21:01:01 INFO  Thread-6 109280 Actor:185 - Courier accepted connection on port 8001
21:01:01 INFO  Thread-6 109280 Actor:185 - Courier received message Deal
21:01:01 INFO  Thread-6 109280 Actor:185 - Courier invoking listener for Deal
21:01:01 INFO  Thread-6 109280 Actor:266 - received card = SK values = 10/10 hid = kev:DEALER:264F2F6DE1085265
21:01:01 INFO  Thread-6 109280 Actor:185 - Courier waiting for connection on port 8001
21:01:01 INFO  Thread-6 109280 Actor:185 - Courier accepted connection on port 8001
21:01:01 INFO  Thread-6 109280 Actor:185 - Courier received message Play
21:01:01 INFO  Thread-6 109280 Actor:185 - Courier invoking listener for Play
21:01:01 INFO  Thread-6 109280 Actor:276 - got turn = kev:YOU:2C1B3389D472EA05
21:01:02 INFO  Thread-6 109990 Actor:185 - Courier waiting for connection on port 8001
21:01:02 INFO  AWT-EventQueue-0 110221 Actor:185 - Courier sending Stay to 127.0.0.1:8501
21:01:02 INFO  AWT-EventQueue-0 110221 Actor:185 - Courier sent successfully Stay to 127.0.0.1:8501
21:01:02 INFO  Thread-6 110221 Actor:185 - Courier accepted connection on port 8001
21:01:02 INFO  Thread-6 110221 Actor:185 - Courier received message Play
21:01:02 INFO  Thread-6 110221 Actor:185 - Courier invoking listener for Play
21:01:02 INFO  Thread-6 110221 Actor:276 - got turn = kev:DEALER:264F2F6DE1085265
21:01:02 INFO  Thread-6 110221 Actor:185 - Courier waiting for connection on port 8001
21:01:02 INFO  Thread-6 110221 Actor:185 - Courier accepted connection on port 8001
21:01:02 INFO  Thread-6 110221 Actor:185 - Courier received message Deal
21:01:02 INFO  Thread-6 110221 Actor:185 - Courier invoking listener for Deal
21:01:02 INFO  Thread-6 110221 Actor:266 - received card = null values = 20/20 hid = kev:DEALER:264F2F6DE1085265
21:01:02 INFO  Thread-6 110231 Actor:185 - Courier waiting for connection on port 8001
21:01:02 INFO  Thread-6 110231 Actor:185 - Courier accepted connection on port 8001
21:01:02 INFO  Thread-6 110231 Actor:185 - Courier received message Loose
21:01:02 INFO  Thread-6 110233 Actor:185 - Courier invoking listener for Loose
21:01:02 INFO  Thread-6 110233 Actor:207 - received outcome = Loose
21:01:02 INFO  Thread-6 110233 ATable:537 - LOOSE for hid = kev:YOU:2C1B3389D472EA05 amt = 5000.0
21:01:02 INFO  Thread-6 110233 Actor:185 - Courier waiting for connection on port 8001
21:01:02 INFO  Thread-6 110233 Actor:185 - Courier accepted connection on port 8001
21:01:02 INFO  Thread-6 110234 Actor:185 - Courier received message GameOver
21:01:02 INFO  Thread-6 110234 Actor:185 - Courier invoking listener for GameOver
21:01:02 INFO  Thread-6 110234 Actor:287 - received ending shoe size = 37
21:01:02 INFO  Thread-6 110234 ATable:681 - num hands = 2 wins = 0 loses = 1 pushes = 0
21:01:03 INFO  Thread-6 111000 Actor:185 - Courier waiting for connection on port 8001
21:01:03 INFO  Thread-87 111626 ATable:206 - side bet = 0
21:01:03 INFO  Thread-87 111626 Actor:185 - Courier sending Bet to 127.0.0.1:8501
21:01:03 INFO  Thread-87 111627 Actor:185 - Courier sent successfully Bet to 127.0.0.1:8501
21:01:03 INFO  Thread-6 111633 Actor:185 - Courier accepted connection on port 8001
21:01:03 INFO  Thread-6 111634 Actor:185 - Courier received message GameStart
21:01:03 INFO  Thread-6 111634 Actor:185 - Courier invoking listener for GameStart
21:01:03 INFO  Thread-6 111634 Actor:244 - receive starting shoe size = 37
21:01:03 INFO  Thread-6 111634 Actor:247 - starting hand: kev:YOU:3BB467777081AA90
21:01:03 INFO  Thread-6 111634 Actor:247 - starting hand: kev:DEALER:3400D2CFF6A84D39
21:01:03 INFO  Thread-6 111635 Actor:185 - Courier waiting for connection on port 8001
21:01:04 INFO  Thread-6 112648 Actor:185 - Courier accepted connection on port 8001
21:01:04 INFO  Thread-6 112648 Actor:185 - Courier received message Deal
21:01:04 INFO  Thread-6 112648 Actor:185 - Courier invoking listener for Deal
21:01:04 INFO  Thread-6 112648 Actor:266 - received card = C3 values = 3/3 hid = kev:YOU:3BB467777081AA90
21:01:04 INFO  Thread-6 112648 Actor:185 - Courier waiting for connection on port 8001
21:01:05 INFO  Thread-6 113410 Actor:185 - Courier accepted connection on port 8001
21:01:05 INFO  Thread-6 113410 Actor:185 - Courier received message Deal
21:01:05 INFO  Thread-6 113410 Actor:185 - Courier invoking listener for Deal
21:01:05 INFO  Thread-6 113410 Actor:266 - received card = HK values = 0/0 hid = kev:DEALER:3400D2CFF6A84D39
21:01:05 INFO  Thread-6 113414 Actor:185 - Courier waiting for connection on port 8001
21:01:06 INFO  Thread-6 114171 Actor:185 - Courier accepted connection on port 8001
21:01:06 INFO  Thread-6 114171 Actor:185 - Courier received message Deal
21:01:06 INFO  Thread-6 114171 Actor:185 - Courier invoking listener for Deal
21:01:06 INFO  Thread-6 114171 Actor:266 - received card = DA values = 4/14 hid = kev:YOU:3BB467777081AA90
21:01:06 INFO  Thread-6 114171 Actor:185 - Courier waiting for connection on port 8001
21:01:07 INFO  Thread-6 114931 Actor:185 - Courier accepted connection on port 8001
21:01:07 INFO  Thread-6 114931 Actor:185 - Courier received message Deal
21:01:07 INFO  Thread-6 114931 Actor:185 - Courier invoking listener for Deal
21:01:07 INFO  Thread-6 114931 Actor:266 - received card = CJ values = 10/10 hid = kev:DEALER:3400D2CFF6A84D39
21:01:07 INFO  Thread-6 114934 Actor:185 - Courier waiting for connection on port 8001
21:01:07 INFO  Thread-6 114934 Actor:185 - Courier accepted connection on port 8001
21:01:07 INFO  Thread-6 114934 Actor:185 - Courier received message Play
21:01:07 INFO  Thread-6 114934 Actor:185 - Courier invoking listener for Play
21:01:07 INFO  Thread-6 114934 Actor:276 - got turn = kev:YOU:3BB467777081AA90
21:01:07 INFO  Thread-6 115640 Actor:185 - Courier waiting for connection on port 8001
21:01:07 INFO  AWT-EventQueue-0 115640 Actor:185 - Courier sending Hit to 127.0.0.1:8501
21:01:07 INFO  AWT-EventQueue-0 115640 Actor:185 - Courier sent successfully Hit to 127.0.0.1:8501
21:01:07 INFO  Thread-6 115650 Actor:185 - Courier accepted connection on port 8001
21:01:07 INFO  Thread-6 115651 Actor:185 - Courier received message Deal
21:01:07 INFO  Thread-6 115651 Actor:185 - Courier invoking listener for Deal
21:01:07 INFO  Thread-6 115651 Actor:266 - received card = C4 values = 8/18 hid = kev:YOU:3BB467777081AA90
21:01:07 INFO  Thread-6 115667 Actor:185 - Courier waiting for connection on port 8001
21:01:09 INFO  AWT-EventQueue-0 116911 Actor:185 - Courier sending Hit to 127.0.0.1:8501
21:01:09 INFO  AWT-EventQueue-0 116911 Actor:185 - Courier sent successfully Hit to 127.0.0.1:8501
21:01:09 INFO  Thread-6 116911 Actor:185 - Courier accepted connection on port 8001
21:01:09 INFO  Thread-6 116911 Actor:185 - Courier received message Deal
21:01:09 INFO  Thread-6 116911 Actor:185 - Courier invoking listener for Deal
21:01:09 INFO  Thread-6 116911 Actor:266 - received card = H8 values = 16/26 hid = kev:YOU:3BB467777081AA90
21:01:09 INFO  Thread-6 116911 Actor:185 - Courier waiting for connection on port 8001
21:01:14 INFO  AWT-EventQueue-0 121890 Actor:185 - Courier sending Hit to 127.0.0.1:8501
21:01:14 INFO  AWT-EventQueue-0 121890 Actor:185 - Courier sent successfully Hit to 127.0.0.1:8501
21:01:14 INFO  Thread-6 121890 Actor:185 - Courier accepted connection on port 8001
21:01:14 INFO  Thread-6 121890 Actor:185 - Courier received message Deal
21:01:14 INFO  Thread-6 121890 Actor:185 - Courier invoking listener for Deal
21:01:14 INFO  Thread-6 121890 Actor:266 - received card = C2 values = 18/28 hid = kev:YOU:3BB467777081AA90
21:01:14 INFO  Thread-6 121890 Actor:185 - Courier waiting for connection on port 8001
21:01:14 INFO  Thread-6 121890 Actor:185 - Courier accepted connection on port 8001
21:01:14 INFO  Thread-6 121890 Actor:185 - Courier received message Charlie
21:01:14 INFO  Thread-6 121890 Actor:185 - Courier invoking listener for Charlie
21:01:14 INFO  Thread-6 121890 Actor:207 - received outcome = Charlie
21:01:14 INFO  Thread-6 121890 ATable:615 - CHARLIE for hid = kev:YOU:3BB467777081AA90
21:01:15 INFO  Thread-6 122879 Actor:185 - Courier waiting for connection on port 8001
21:01:15 INFO  Thread-6 122879 Actor:185 - Courier accepted connection on port 8001
21:01:15 INFO  Thread-6 122879 Actor:185 - Courier received message Play
21:01:15 INFO  Thread-6 122879 Actor:185 - Courier invoking listener for Play
21:01:15 INFO  Thread-6 122879 Actor:276 - got turn = kev:DEALER:3400D2CFF6A84D39
21:01:15 INFO  Thread-6 122879 Actor:185 - Courier waiting for connection on port 8001
21:01:15 INFO  Thread-6 122879 Actor:185 - Courier accepted connection on port 8001
21:01:15 INFO  Thread-6 122879 Actor:185 - Courier received message Deal
21:01:15 INFO  Thread-6 122879 Actor:185 - Courier invoking listener for Deal
21:01:15 INFO  Thread-6 122879 Actor:266 - received card = null values = 20/20 hid = kev:DEALER:3400D2CFF6A84D39
21:01:15 INFO  Thread-6 122879 Actor:185 - Courier waiting for connection on port 8001
21:01:15 INFO  Thread-6 122879 Actor:185 - Courier accepted connection on port 8001
21:01:15 INFO  Thread-6 122879 Actor:185 - Courier received message GameOver
21:01:15 INFO  Thread-6 122879 Actor:185 - Courier invoking listener for GameOver
21:01:15 INFO  Thread-6 122879 Actor:287 - received ending shoe size = 30
21:01:15 INFO  Thread-6 122879 ATable:681 - num hands = 2 wins = 1 loses = 0 pushes = 0
21:01:16 INFO  Thread-6 124380 Actor:185 - Courier waiting for connection on port 8001
21:01:21 INFO  Thread-96 129631 ATable:206 - side bet = 0
21:01:21 INFO  Thread-96 129631 Actor:185 - Courier sending Bet to 127.0.0.1:8501
21:01:21 INFO  Thread-96 129631 Actor:185 - Courier sent successfully Bet to 127.0.0.1:8501
21:01:21 INFO  Thread-6 129634 Actor:185 - Courier accepted connection on port 8001
21:01:21 INFO  Thread-6 129634 Actor:185 - Courier received message GameStart
21:01:21 INFO  Thread-6 129634 Actor:185 - Courier invoking listener for GameStart
21:01:21 INFO  Thread-6 129634 Actor:244 - receive starting shoe size = 30
21:01:21 INFO  Thread-6 129634 Actor:247 - starting hand: kev:YOU:69954FA6EDE4F9D5
21:01:21 INFO  Thread-6 129634 Actor:247 - starting hand: kev:DEALER:450D5F3BB6850080
21:01:21 INFO  Thread-6 129634 Actor:185 - Courier waiting for connection on port 8001
21:01:22 INFO  Thread-6 130661 Actor:185 - Courier accepted connection on port 8001
21:01:22 INFO  Thread-6 130661 Actor:185 - Courier received message Deal
21:01:22 INFO  Thread-6 130661 Actor:185 - Courier invoking listener for Deal
21:01:22 INFO  Thread-6 130661 Actor:266 - received card = CK values = 10/10 hid = kev:YOU:69954FA6EDE4F9D5
21:01:22 INFO  Thread-6 130665 Actor:185 - Courier waiting for connection on port 8001
21:01:23 INFO  Thread-6 131421 Actor:185 - Courier accepted connection on port 8001
21:01:23 INFO  Thread-6 131421 Actor:185 - Courier received message Deal
21:01:23 INFO  Thread-6 131421 Actor:185 - Courier invoking listener for Deal
21:01:23 INFO  Thread-6 131421 Actor:266 - received card = S6 values = 0/0 hid = kev:DEALER:450D5F3BB6850080
21:01:23 INFO  Thread-6 131421 Actor:185 - Courier waiting for connection on port 8001
21:01:24 INFO  Thread-6 132190 Actor:185 - Courier accepted connection on port 8001
21:01:24 INFO  Thread-6 132190 Actor:185 - Courier received message Deal
21:01:24 INFO  Thread-6 132190 Actor:185 - Courier invoking listener for Deal
21:01:24 INFO  Thread-6 132190 Actor:266 - received card = H10 values = 20/20 hid = kev:YOU:69954FA6EDE4F9D5
21:01:24 INFO  Thread-6 132190 Actor:185 - Courier waiting for connection on port 8001
21:01:25 INFO  Thread-6 132959 Actor:185 - Courier accepted connection on port 8001
21:01:25 INFO  Thread-6 132959 Actor:185 - Courier received message Deal
21:01:25 INFO  Thread-6 132959 Actor:185 - Courier invoking listener for Deal
21:01:25 INFO  Thread-6 132959 Actor:266 - received card = D3 values = 3/3 hid = kev:DEALER:450D5F3BB6850080
21:01:25 INFO  Thread-6 132959 Actor:185 - Courier waiting for connection on port 8001
21:01:25 INFO  Thread-6 132959 Actor:185 - Courier accepted connection on port 8001
21:01:25 INFO  Thread-6 132959 Actor:185 - Courier received message Play
21:01:25 INFO  Thread-6 132959 Actor:185 - Courier invoking listener for Play
21:01:25 INFO  Thread-6 132959 Actor:276 - got turn = kev:YOU:69954FA6EDE4F9D5
21:01:25 INFO  Thread-6 133660 Actor:185 - Courier waiting for connection on port 8001
21:01:26 INFO  AWT-EventQueue-0 134450 Actor:185 - Courier sending Stay to 127.0.0.1:8501
21:01:26 INFO  AWT-EventQueue-0 134450 Actor:185 - Courier sent successfully Stay to 127.0.0.1:8501
21:01:26 INFO  Thread-6 134455 Actor:185 - Courier accepted connection on port 8001
21:01:26 INFO  Thread-6 134461 Actor:185 - Courier received message Play
21:01:26 INFO  Thread-6 134461 Actor:185 - Courier invoking listener for Play
21:01:26 INFO  Thread-6 134461 Actor:276 - got turn = kev:DEALER:450D5F3BB6850080
21:01:26 INFO  Thread-6 134461 Actor:185 - Courier waiting for connection on port 8001
21:01:26 INFO  Thread-6 134464 Actor:185 - Courier accepted connection on port 8001
21:01:26 INFO  Thread-6 134464 Actor:185 - Courier received message Deal
21:01:26 INFO  Thread-6 134464 Actor:185 - Courier invoking listener for Deal
21:01:26 INFO  Thread-6 134464 Actor:266 - received card = null values = 9/9 hid = kev:DEALER:450D5F3BB6850080
21:01:26 INFO  Thread-6 134464 Actor:185 - Courier waiting for connection on port 8001
21:01:27 INFO  Thread-6 135220 Actor:185 - Courier accepted connection on port 8001
21:01:27 INFO  Thread-6 135220 Actor:185 - Courier received message Deal
21:01:27 INFO  Thread-6 135220 Actor:185 - Courier invoking listener for Deal
21:01:27 INFO  Thread-6 135220 Actor:266 - received card = CA values = 10/20 hid = kev:DEALER:450D5F3BB6850080
21:01:27 INFO  Thread-6 135220 Actor:185 - Courier waiting for connection on port 8001
21:01:27 INFO  Thread-6 135220 Actor:185 - Courier accepted connection on port 8001
21:01:27 INFO  Thread-6 135224 Actor:185 - Courier received message Push
21:01:27 INFO  Thread-6 135224 Actor:185 - Courier invoking listener for Push
21:01:27 INFO  Thread-6 135224 Actor:207 - received outcome = Push
21:01:27 INFO  Thread-6 135224 ATable:563 - PUSH for hid = kev:YOU:69954FA6EDE4F9D5 amt = 5000.0
21:01:27 INFO  Thread-6 135224 Actor:185 - Courier waiting for connection on port 8001
21:01:27 INFO  Thread-6 135224 Actor:185 - Courier accepted connection on port 8001
21:01:27 INFO  Thread-6 135224 Actor:185 - Courier received message GameOver
21:01:27 INFO  Thread-6 135224 Actor:185 - Courier invoking listener for GameOver
21:01:27 INFO  Thread-6 135224 Actor:287 - received ending shoe size = 25
21:01:27 INFO  Thread-6 135224 ATable:681 - num hands = 2 wins = 0 loses = 0 pushes = 1
21:01:28 INFO  Thread-6 135969 Actor:185 - Courier waiting for connection on port 8001
21:01:29 INFO  Thread-103 137190 ATable:206 - side bet = 0
21:01:29 INFO  Thread-103 137190 Actor:185 - Courier sending Bet to 127.0.0.1:8501
21:01:29 INFO  Thread-103 137190 Actor:185 - Courier sent successfully Bet to 127.0.0.1:8501
21:01:29 INFO  Thread-6 137190 Actor:185 - Courier accepted connection on port 8001
21:01:29 INFO  Thread-6 137190 Actor:185 - Courier received message GameStart
21:01:29 INFO  Thread-6 137190 Actor:185 - Courier invoking listener for GameStart
21:01:29 INFO  Thread-6 137190 Actor:244 - receive starting shoe size = 25
21:01:29 INFO  Thread-6 137190 Actor:247 - starting hand: kev:YOU:22CAAB867D085331
21:01:29 INFO  Thread-6 137190 Actor:247 - starting hand: kev:DEALER:4E2D8992A5389147
21:01:29 INFO  Thread-6 137190 Actor:185 - Courier waiting for connection on port 8001
21:01:30 INFO  Thread-6 138200 Actor:185 - Courier accepted connection on port 8001
21:01:30 INFO  Thread-6 138200 Actor:185 - Courier received message Deal
21:01:30 INFO  Thread-6 138200 Actor:185 - Courier invoking listener for Deal
21:01:30 INFO  Thread-6 138200 Actor:266 - received card = DQ values = 10/10 hid = kev:YOU:22CAAB867D085331
21:01:30 INFO  Thread-6 138200 Actor:185 - Courier waiting for connection on port 8001
21:01:31 INFO  Thread-6 138963 Actor:185 - Courier accepted connection on port 8001
21:01:31 INFO  Thread-6 138963 Actor:185 - Courier received message Deal
21:01:31 INFO  Thread-6 138963 Actor:185 - Courier invoking listener for Deal
21:01:31 INFO  Thread-6 138963 Actor:266 - received card = C7 values = 0/0 hid = kev:DEALER:4E2D8992A5389147
21:01:31 INFO  Thread-6 138963 Actor:185 - Courier waiting for connection on port 8001
21:01:31 INFO  Thread-6 139714 Actor:185 - Courier accepted connection on port 8001
21:01:31 INFO  Thread-6 139715 Actor:185 - Courier received message Deal
21:01:31 INFO  Thread-6 139716 Actor:185 - Courier invoking listener for Deal
21:01:31 INFO  Thread-6 139716 Actor:266 - received card = C8 values = 18/18 hid = kev:YOU:22CAAB867D085331
21:01:31 INFO  Thread-6 139716 Actor:185 - Courier waiting for connection on port 8001
21:01:32 INFO  Thread-6 140481 Actor:185 - Courier accepted connection on port 8001
21:01:32 INFO  Thread-6 140481 Actor:185 - Courier received message Deal
21:01:32 INFO  Thread-6 140481 Actor:185 - Courier invoking listener for Deal
21:01:32 INFO  Thread-6 140481 Actor:266 - received card = S10 values = 10/10 hid = kev:DEALER:4E2D8992A5389147
21:01:32 INFO  Thread-6 140481 Actor:185 - Courier waiting for connection on port 8001
21:01:32 INFO  Thread-6 140481 Actor:185 - Courier accepted connection on port 8001
21:01:32 INFO  Thread-6 140481 Actor:185 - Courier received message Play
21:01:32 INFO  Thread-6 140481 Actor:185 - Courier invoking listener for Play
21:01:32 INFO  Thread-6 140481 Actor:276 - got turn = kev:YOU:22CAAB867D085331
21:01:33 INFO  Thread-6 141181 Actor:185 - Courier waiting for connection on port 8001
21:01:34 INFO  AWT-EventQueue-0 142488 Actor:185 - Courier sending Stay to 127.0.0.1:8501
21:01:34 INFO  AWT-EventQueue-0 142488 Actor:185 - Courier sent successfully Stay to 127.0.0.1:8501
21:01:34 INFO  Thread-6 142493 Actor:185 - Courier accepted connection on port 8001
21:01:34 INFO  Thread-6 142493 Actor:185 - Courier received message Play
21:01:34 INFO  Thread-6 142493 Actor:185 - Courier invoking listener for Play
21:01:34 INFO  Thread-6 142493 Actor:276 - got turn = kev:DEALER:4E2D8992A5389147
21:01:34 INFO  Thread-6 142493 Actor:185 - Courier waiting for connection on port 8001
21:01:34 INFO  Thread-6 142493 Actor:185 - Courier accepted connection on port 8001
21:01:34 INFO  Thread-6 142502 Actor:185 - Courier received message Deal
21:01:34 INFO  Thread-6 142502 Actor:185 - Courier invoking listener for Deal
21:01:34 INFO  Thread-6 142502 Actor:266 - received card = null values = 17/17 hid = kev:DEALER:4E2D8992A5389147
21:01:34 INFO  Thread-6 142502 Actor:185 - Courier waiting for connection on port 8001
21:01:34 INFO  Thread-6 142502 Actor:185 - Courier accepted connection on port 8001
21:01:34 INFO  Thread-6 142502 Actor:185 - Courier received message Win
21:01:34 INFO  Thread-6 142502 Actor:185 - Courier invoking listener for Win
21:01:34 INFO  Thread-6 142502 Actor:207 - received outcome = Win
21:01:34 INFO  Thread-6 142502 ATable:511 - WIN for hid = kev:YOU:22CAAB867D085331 amt = 5000.0
21:01:34 INFO  Thread-6 142502 Actor:185 - Courier waiting for connection on port 8001
21:01:34 INFO  Thread-6 142502 Actor:185 - Courier accepted connection on port 8001
21:01:34 INFO  Thread-6 142502 Actor:185 - Courier received message GameOver
21:01:34 INFO  Thread-6 142502 Actor:185 - Courier invoking listener for GameOver
21:01:34 INFO  Thread-6 142502 Actor:287 - received ending shoe size = 21
21:01:34 INFO  Thread-6 142502 ATable:681 - num hands = 2 wins = 1 loses = 0 pushes = 0
21:01:36 INFO  Thread-6 144001 Actor:185 - Courier waiting for connection on port 8001
21:01:48 INFO  Thread-109 156153 ATable:206 - side bet = 0
21:01:48 INFO  Thread-109 156153 Actor:185 - Courier sending Bet to 127.0.0.1:8501
21:01:48 INFO  Thread-109 156155 Actor:185 - Courier sent successfully Bet to 127.0.0.1:8501
21:01:48 INFO  Thread-6 156157 Actor:185 - Courier accepted connection on port 8001
21:01:48 INFO  Thread-6 156157 Actor:185 - Courier received message GameStart
21:01:48 INFO  Thread-6 156158 Actor:185 - Courier invoking listener for GameStart
21:01:48 INFO  Thread-6 156158 Actor:244 - receive starting shoe size = 21
21:01:48 INFO  Thread-6 156158 Actor:247 - starting hand: kev:YOU:5D3B43E7C4052846
21:01:48 INFO  Thread-6 156158 Actor:247 - starting hand: kev:DEALER:21F0DC00FBA155DB
21:01:48 INFO  Thread-6 156158 Actor:185 - Courier waiting for connection on port 8001
21:01:49 INFO  Thread-6 157170 Actor:185 - Courier accepted connection on port 8001
21:01:49 INFO  Thread-6 157170 Actor:185 - Courier received message Deal
21:01:49 INFO  Thread-6 157170 Actor:185 - Courier invoking listener for Deal
21:01:49 INFO  Thread-6 157170 Actor:266 - received card = S8 values = 8/8 hid = kev:YOU:5D3B43E7C4052846
21:01:49 INFO  Thread-6 157170 Actor:185 - Courier waiting for connection on port 8001
21:01:50 INFO  Thread-6 157939 Actor:185 - Courier accepted connection on port 8001
21:01:50 INFO  Thread-6 157939 Actor:185 - Courier received message Deal
21:01:50 INFO  Thread-6 157939 Actor:185 - Courier invoking listener for Deal
21:01:50 INFO  Thread-6 157939 Actor:266 - received card = S7 values = 0/0 hid = kev:DEALER:21F0DC00FBA155DB
21:01:50 INFO  Thread-6 157939 Actor:185 - Courier waiting for connection on port 8001
21:01:50 INFO  Thread-6 158691 Actor:185 - Courier accepted connection on port 8001
21:01:50 INFO  Thread-6 158691 Actor:185 - Courier received message Deal
21:01:50 INFO  Thread-6 158691 Actor:185 - Courier invoking listener for Deal
21:01:50 INFO  Thread-6 158694 Actor:266 - received card = C6 values = 14/14 hid = kev:YOU:5D3B43E7C4052846
21:01:50 INFO  Thread-6 158694 Actor:185 - Courier waiting for connection on port 8001
21:01:50 INFO  Thread-6 158694 Actor:185 - Courier accepted connection on port 8001
21:01:50 INFO  Thread-6 158694 Actor:185 - Courier received message Shuffle
21:01:50 INFO  Thread-6 158694 Actor:185 - Courier invoking listener for Shuffle
21:01:50 INFO  Thread-6 158694 Actor:296 - received shuffle
21:01:50 INFO  Thread-6 158694 Actor:185 - Courier waiting for connection on port 8001
21:01:51 INFO  Thread-6 159460 Actor:185 - Courier accepted connection on port 8001
21:01:51 INFO  Thread-6 159460 Actor:185 - Courier received message Deal
21:01:51 INFO  Thread-6 159460 Actor:185 - Courier invoking listener for Deal
21:01:51 INFO  Thread-6 159460 Actor:266 - received card = H2 values = 2/2 hid = kev:DEALER:21F0DC00FBA155DB
21:01:51 INFO  Thread-6 159460 Actor:185 - Courier waiting for connection on port 8001
21:01:51 INFO  Thread-6 159460 Actor:185 - Courier accepted connection on port 8001
21:01:51 INFO  Thread-6 159464 Actor:185 - Courier received message Play
21:01:51 INFO  Thread-6 159464 Actor:185 - Courier invoking listener for Play
21:01:51 INFO  Thread-6 159464 Actor:276 - got turn = kev:YOU:5D3B43E7C4052846
21:01:52 INFO  Thread-6 160160 Actor:185 - Courier waiting for connection on port 8001
21:01:54 INFO  AWT-EventQueue-0 162380 Actor:185 - Courier sending Hit to 127.0.0.1:8501
21:01:54 INFO  AWT-EventQueue-0 162380 Actor:185 - Courier sent successfully Hit to 127.0.0.1:8501
21:01:54 INFO  Thread-6 162391 Actor:185 - Courier accepted connection on port 8001
21:01:54 INFO  Thread-6 162391 Actor:185 - Courier received message Deal
21:01:54 INFO  Thread-6 162391 Actor:185 - Courier invoking listener for Deal
21:01:54 INFO  Thread-6 162391 Actor:266 - received card = C5 values = 19/19 hid = kev:YOU:5D3B43E7C4052846
21:01:54 INFO  Thread-6 162391 Actor:185 - Courier waiting for connection on port 8001
21:01:57 INFO  AWT-EventQueue-0 165070 Actor:185 - Courier sending Stay to 127.0.0.1:8501
21:01:57 INFO  AWT-EventQueue-0 165070 Actor:185 - Courier sent successfully Stay to 127.0.0.1:8501
21:01:57 INFO  Thread-6 165070 Actor:185 - Courier accepted connection on port 8001
21:01:57 INFO  Thread-6 165070 Actor:185 - Courier received message Play
21:01:57 INFO  Thread-6 165070 Actor:185 - Courier invoking listener for Play
21:01:57 INFO  Thread-6 165070 Actor:276 - got turn = kev:DEALER:21F0DC00FBA155DB
21:01:57 INFO  Thread-6 165070 Actor:185 - Courier waiting for connection on port 8001
21:01:57 INFO  Thread-6 165070 Actor:185 - Courier accepted connection on port 8001
21:01:57 INFO  Thread-6 165070 Actor:185 - Courier received message Deal
21:01:57 INFO  Thread-6 165070 Actor:185 - Courier invoking listener for Deal
21:01:57 INFO  Thread-6 165080 Actor:266 - received card = null values = 9/9 hid = kev:DEALER:21F0DC00FBA155DB
21:01:57 INFO  Thread-6 165080 Actor:185 - Courier waiting for connection on port 8001
21:01:58 INFO  Thread-6 165830 Actor:185 - Courier accepted connection on port 8001
21:01:58 INFO  Thread-6 165830 Actor:185 - Courier received message Deal
21:01:58 INFO  Thread-6 165830 Actor:185 - Courier invoking listener for Deal
21:01:58 INFO  Thread-6 165830 Actor:266 - received card = SA values = 10/20 hid = kev:DEALER:21F0DC00FBA155DB
21:01:58 INFO  Thread-6 165830 Actor:185 - Courier waiting for connection on port 8001
21:01:58 INFO  Thread-6 165833 Actor:185 - Courier accepted connection on port 8001
21:01:58 INFO  Thread-6 165833 Actor:185 - Courier received message Loose
21:01:58 INFO  Thread-6 165833 Actor:185 - Courier invoking listener for Loose
21:01:58 INFO  Thread-6 165833 Actor:207 - received outcome = Loose
21:01:58 INFO  Thread-6 165833 ATable:537 - LOOSE for hid = kev:YOU:5D3B43E7C4052846 amt = 5000.0
21:01:58 INFO  Thread-6 165833 Actor:185 - Courier waiting for connection on port 8001
21:01:58 INFO  Thread-6 165833 Actor:185 - Courier accepted connection on port 8001
21:01:58 INFO  Thread-6 165833 Actor:185 - Courier received message GameOver
21:01:58 INFO  Thread-6 165833 Actor:185 - Courier invoking listener for GameOver
21:01:58 INFO  Thread-6 165833 Actor:287 - received ending shoe size = 52
21:01:58 INFO  Thread-6 165833 ATable:681 - num hands = 2 wins = 0 loses = 1 pushes = 0
21:01:59 INFO  Thread-6 167590 Actor:185 - Courier waiting for connection on port 8001
21:02:11 INFO  Thread-117 179570 ATable:206 - side bet = 0
21:02:11 INFO  Thread-117 179570 Actor:185 - Courier sending Bet to 127.0.0.1:8501
21:02:11 INFO  Thread-117 179570 Actor:185 - Courier sent successfully Bet to 127.0.0.1:8501
21:02:11 INFO  Thread-6 179574 Actor:185 - Courier accepted connection on port 8001
21:02:11 INFO  Thread-6 179574 Actor:185 - Courier received message GameStart
21:02:11 INFO  Thread-6 179574 Actor:185 - Courier invoking listener for GameStart
21:02:11 INFO  Thread-6 179574 Actor:244 - receive starting shoe size = 52
21:02:11 INFO  Thread-6 179574 Actor:247 - starting hand: kev:YOU:6A1EA80D1A223F32
21:02:11 INFO  Thread-6 179574 Actor:247 - starting hand: kev:DEALER:12BA0BDB629ECF20
21:02:11 INFO  Thread-6 179574 Actor:185 - Courier waiting for connection on port 8001
21:02:12 INFO  Thread-6 180590 Actor:185 - Courier accepted connection on port 8001
21:02:12 INFO  Thread-6 180590 Actor:185 - Courier received message Deal
21:02:12 INFO  Thread-6 180590 Actor:185 - Courier invoking listener for Deal
21:02:12 INFO  Thread-6 180590 Actor:266 - received card = H9 values = 9/9 hid = kev:YOU:6A1EA80D1A223F32
21:02:12 INFO  Thread-6 180590 Actor:185 - Courier waiting for connection on port 8001
21:02:13 INFO  Thread-6 181351 Actor:185 - Courier accepted connection on port 8001
21:02:13 INFO  Thread-6 181351 Actor:185 - Courier received message Deal
21:02:13 INFO  Thread-6 181351 Actor:185 - Courier invoking listener for Deal
21:02:13 INFO  Thread-6 181351 Actor:266 - received card = CA values = 0/0 hid = kev:DEALER:12BA0BDB629ECF20
21:02:13 INFO  Thread-6 181351 Actor:185 - Courier waiting for connection on port 8001
21:02:14 INFO  Thread-6 182103 Actor:185 - Courier accepted connection on port 8001
21:02:14 INFO  Thread-6 182104 Actor:185 - Courier received message Deal
21:02:14 INFO  Thread-6 182104 Actor:185 - Courier invoking listener for Deal
21:02:14 INFO  Thread-6 182104 Actor:266 - received card = C10 values = 19/19 hid = kev:YOU:6A1EA80D1A223F32
21:02:14 INFO  Thread-6 182105 Actor:185 - Courier waiting for connection on port 8001
21:02:15 INFO  Thread-6 182870 Actor:185 - Courier accepted connection on port 8001
21:02:15 INFO  Thread-6 182870 Actor:185 - Courier received message Deal
21:02:15 INFO  Thread-6 182870 Actor:185 - Courier invoking listener for Deal
21:02:15 INFO  Thread-6 182870 Actor:266 - received card = HJ values = 10/10 hid = kev:DEALER:12BA0BDB629ECF20
21:02:15 INFO  Thread-6 182870 Actor:185 - Courier waiting for connection on port 8001
21:02:15 INFO  Thread-6 182870 Actor:185 - Courier accepted connection on port 8001
21:02:15 INFO  Thread-6 182870 Actor:185 - Courier received message Play
21:02:15 INFO  Thread-6 182870 Actor:185 - Courier invoking listener for Play
21:02:15 INFO  Thread-6 182870 Actor:276 - got turn = kev:DEALER:12BA0BDB629ECF20
21:02:15 INFO  Thread-6 182870 Actor:185 - Courier waiting for connection on port 8001
21:02:15 INFO  Thread-6 182870 Actor:185 - Courier accepted connection on port 8001
21:02:15 INFO  Thread-6 182870 Actor:185 - Courier received message Deal
21:02:15 INFO  Thread-6 182870 Actor:185 - Courier invoking listener for Deal
21:02:15 INFO  Thread-6 182870 Actor:266 - received card = null values = 11/21 hid = kev:DEALER:12BA0BDB629ECF20
21:02:15 INFO  Thread-6 182870 Actor:185 - Courier waiting for connection on port 8001
21:02:15 INFO  Thread-6 182870 Actor:185 - Courier accepted connection on port 8001
21:02:15 INFO  Thread-6 182870 Actor:185 - Courier received message Loose
21:02:15 INFO  Thread-6 182870 Actor:185 - Courier invoking listener for Loose
21:02:15 INFO  Thread-6 182870 Actor:207 - received outcome = Loose
21:02:15 INFO  Thread-6 182870 ATable:537 - LOOSE for hid = kev:YOU:6A1EA80D1A223F32 amt = 5000.0
21:02:15 INFO  Thread-6 182870 Actor:185 - Courier waiting for connection on port 8001
21:02:15 INFO  Thread-6 182870 Actor:185 - Courier accepted connection on port 8001
21:02:15 INFO  Thread-6 182870 Actor:185 - Courier received message GameOver
21:02:15 INFO  Thread-6 182870 Actor:185 - Courier invoking listener for GameOver
21:02:15 INFO  Thread-6 182870 Actor:287 - received ending shoe size = 48
21:02:15 INFO  Thread-6 182870 ATable:681 - num hands = 2 wins = 0 loses = 1 pushes = 0
21:02:17 INFO  Thread-6 184950 Actor:185 - Courier waiting for connection on port 8001
21:02:17 INFO  Thread-123 185230 ATable:206 - side bet = 0
21:02:17 INFO  Thread-123 185230 Actor:185 - Courier sending Bet to 127.0.0.1:8501
21:02:17 INFO  Thread-123 185230 Actor:185 - Courier sent successfully Bet to 127.0.0.1:8501
21:02:17 INFO  Thread-6 185230 Actor:185 - Courier accepted connection on port 8001
21:02:17 INFO  Thread-6 185230 Actor:185 - Courier received message GameStart
21:02:17 INFO  Thread-6 185230 Actor:185 - Courier invoking listener for GameStart
21:02:17 INFO  Thread-6 185230 Actor:244 - receive starting shoe size = 48
21:02:17 INFO  Thread-6 185230 Actor:247 - starting hand: kev:YOU:2C54568E5E818C1C
21:02:17 INFO  Thread-6 185230 Actor:247 - starting hand: kev:DEALER:23213D29B3ED6398
21:02:17 INFO  Thread-6 185230 Actor:185 - Courier waiting for connection on port 8001
21:02:18 INFO  Thread-6 186251 Actor:185 - Courier accepted connection on port 8001
21:02:18 INFO  Thread-6 186251 Actor:185 - Courier received message Deal
21:02:18 INFO  Thread-6 186251 Actor:185 - Courier invoking listener for Deal
21:02:18 INFO  Thread-6 186251 Actor:266 - received card = CQ values = 10/10 hid = kev:YOU:2C54568E5E818C1C
21:02:18 INFO  Thread-6 186251 Actor:185 - Courier waiting for connection on port 8001
21:02:19 INFO  Thread-6 187020 Actor:185 - Courier accepted connection on port 8001
21:02:19 INFO  Thread-6 187023 Actor:185 - Courier received message Deal
21:02:19 INFO  Thread-6 187023 Actor:185 - Courier invoking listener for Deal
21:02:19 INFO  Thread-6 187023 Actor:266 - received card = C2 values = 0/0 hid = kev:DEALER:23213D29B3ED6398
21:02:19 INFO  Thread-6 187023 Actor:185 - Courier waiting for connection on port 8001
21:02:19 INFO  Thread-6 187781 Actor:185 - Courier accepted connection on port 8001
21:02:19 INFO  Thread-6 187781 Actor:185 - Courier received message Deal
21:02:19 INFO  Thread-6 187781 Actor:185 - Courier invoking listener for Deal
21:02:19 INFO  Thread-6 187781 Actor:266 - received card = SK values = 20/20 hid = kev:YOU:2C54568E5E818C1C
21:02:19 INFO  Thread-6 187781 Actor:185 - Courier waiting for connection on port 8001
21:02:20 INFO  Thread-6 188540 Actor:185 - Courier accepted connection on port 8001
21:02:20 INFO  Thread-6 188540 Actor:185 - Courier received message Deal
21:02:20 INFO  Thread-6 188540 Actor:185 - Courier invoking listener for Deal
21:02:20 INFO  Thread-6 188540 Actor:266 - received card = D3 values = 3/3 hid = kev:DEALER:23213D29B3ED6398
21:02:20 INFO  Thread-6 188540 Actor:185 - Courier waiting for connection on port 8001
21:02:20 INFO  Thread-6 188540 Actor:185 - Courier accepted connection on port 8001
21:02:20 INFO  Thread-6 188540 Actor:185 - Courier received message Play
21:02:20 INFO  Thread-6 188540 Actor:185 - Courier invoking listener for Play
21:02:20 INFO  Thread-6 188540 Actor:276 - got turn = kev:YOU:2C54568E5E818C1C
21:02:21 INFO  Thread-6 189239 Actor:185 - Courier waiting for connection on port 8001
21:02:21 INFO  AWT-EventQueue-0 189470 Actor:185 - Courier sending Stay to 127.0.0.1:8501
21:02:21 INFO  AWT-EventQueue-0 189481 Actor:185 - Courier sent successfully Stay to 127.0.0.1:8501
21:02:21 INFO  Thread-6 189483 Actor:185 - Courier accepted connection on port 8001
21:02:21 INFO  Thread-6 189483 Actor:185 - Courier received message Play
21:02:21 INFO  Thread-6 189483 Actor:185 - Courier invoking listener for Play
21:02:21 INFO  Thread-6 189483 Actor:276 - got turn = kev:DEALER:23213D29B3ED6398
21:02:21 INFO  Thread-6 189483 Actor:185 - Courier waiting for connection on port 8001
21:02:21 INFO  Thread-6 189483 Actor:185 - Courier accepted connection on port 8001
21:02:21 INFO  Thread-6 189483 Actor:185 - Courier received message Deal
21:02:21 INFO  Thread-6 189483 Actor:185 - Courier invoking listener for Deal
21:02:21 INFO  Thread-6 189483 Actor:266 - received card = null values = 5/5 hid = kev:DEALER:23213D29B3ED6398
21:02:21 INFO  Thread-6 189483 Actor:185 - Courier waiting for connection on port 8001
21:02:22 INFO  Thread-6 190250 Actor:185 - Courier accepted connection on port 8001
21:02:22 INFO  Thread-6 190250 Actor:185 - Courier received message Deal
21:02:22 INFO  Thread-6 190250 Actor:185 - Courier invoking listener for Deal
21:02:22 INFO  Thread-6 190250 Actor:266 - received card = H8 values = 13/13 hid = kev:DEALER:23213D29B3ED6398
21:02:22 INFO  Thread-6 190250 Actor:185 - Courier waiting for connection on port 8001
21:02:23 INFO  Thread-6 191001 Actor:185 - Courier accepted connection on port 8001
21:02:23 INFO  Thread-6 191001 Actor:185 - Courier received message Deal
21:02:23 INFO  Thread-6 191001 Actor:185 - Courier invoking listener for Deal
21:02:23 INFO  Thread-6 191001 Actor:266 - received card = DA values = 14/14 hid = kev:DEALER:23213D29B3ED6398
21:02:23 INFO  Thread-6 191001 Actor:185 - Courier waiting for connection on port 8001
21:02:23 INFO  Thread-6 191770 Actor:185 - Courier accepted connection on port 8001
21:02:23 INFO  Thread-6 191770 Actor:185 - Courier received message Deal
21:02:23 INFO  Thread-6 191770 Actor:185 - Courier invoking listener for Deal
21:02:23 INFO  Thread-6 191770 Actor:266 - received card = D9 values = 23/23 hid = kev:DEALER:23213D29B3ED6398
21:02:23 INFO  Thread-6 191770 Actor:185 - Courier waiting for connection on port 8001
21:02:23 INFO  Thread-6 191773 Actor:185 - Courier accepted connection on port 8001
21:02:23 INFO  Thread-6 191773 Actor:185 - Courier received message Win
21:02:23 INFO  Thread-6 191773 Actor:185 - Courier invoking listener for Win
21:02:23 INFO  Thread-6 191773 Actor:207 - received outcome = Win
21:02:23 INFO  Thread-6 191773 ATable:511 - WIN for hid = kev:YOU:2C54568E5E818C1C amt = 5000.0
21:02:23 INFO  Thread-6 191773 Actor:185 - Courier waiting for connection on port 8001
21:02:23 INFO  Thread-6 191773 Actor:185 - Courier accepted connection on port 8001
21:02:23 INFO  Thread-6 191773 Actor:185 - Courier received message GameOver
21:02:23 INFO  Thread-6 191773 Actor:185 - Courier invoking listener for GameOver
21:02:23 INFO  Thread-6 191773 Actor:287 - received ending shoe size = 41
21:02:23 INFO  Thread-6 191773 ATable:681 - num hands = 2 wins = 1 loses = 0 pushes = 0
21:02:25 INFO  Thread-6 192820 Actor:185 - Courier waiting for connection on port 8001
