14:54:10 INFO  AWT-EventQueue-0 0 GameFrame:93 - client started
14:54:10 INFO  AWT-EventQueue-0 423 GameFrame:99 - init done
14:54:12 INFO  AWT-EventQueue-0 1771 Actor:63 - sent login request
14:54:12 INFO  AWT-EventQueue-0 1849 Actor:70 - received ticket BB20B45FD4D95138
14:54:12 INFO  AWT-EventQueue-0 1849 GameFrame:221 - login successful
14:54:12 INFO  AWT-EventQueue-0 1856 Actor:185 - Courier monitor installed successfully: CountingTrap
14:54:12 INFO  AWT-EventQueue-0 1884 Actor:185 - Arriver sending Arrival to 127.0.0.1:1235
14:54:12 INFO  Thread-5 1886 Actor:185 - Courier waiting for connection on port 8001
14:54:12 INFO  AWT-EventQueue-0 1891 Actor:185 - Arriver sent successfully Arrival to 127.0.0.1:1235
14:54:12 INFO  AWT-EventQueue-0 1892 Actor:185 - Arriver sent arrival message
14:54:12 INFO  Thread-5 1934 Actor:185 - Courier accepted connection on port 8001
14:54:12 INFO  Thread-5 1938 Actor:185 - Courier received message Ready
14:54:12 INFO  Thread-5 1938 Actor:185 - Courier invoking listener for Ready
14:54:12 INFO  Thread-5 1939 Actor:232 - received Ready from LB305-12/10.0.75.1
14:54:12 INFO  Thread-5 1939 CountingTrap:30 - onReceive overriding function from CountingTrap.java file
14:54:12 INFO  AWT-EventQueue-0 1939 GameFrame:240 - connected to courier with bankroll = 1000.0
14:54:12 INFO  Thread-5 1940 Actor:185 - Courier waiting for connection on port 8001
14:54:16 INFO  Thread-7 6219 ATable:206 - side bet = 0
14:54:16 INFO  Thread-7 6219 Actor:185 - Courier sending Bet to 127.0.0.1:8501
14:54:16 INFO  Thread-7 6224 Actor:185 - Courier sent successfully Bet to 127.0.0.1:8501
14:54:16 INFO  Thread-7 6224 CountingTrap:25 - onSend overriding function from CountingTrap.java file
14:54:16 INFO  Thread-5 6240 Actor:185 - Courier accepted connection on port 8001
14:54:16 INFO  Thread-5 6245 Actor:185 - Courier received message GameStart
14:54:16 INFO  Thread-5 6246 Actor:185 - Courier invoking listener for GameStart
14:54:16 INFO  Thread-5 6246 Actor:244 - receive starting shoe size = 52
14:54:16 INFO  Thread-5 6246 Actor:247 - starting hand: LB305-12:YOU:4F24CCC01BFAF03D
14:54:16 INFO  Thread-5 6246 Actor:247 - starting hand: LB305-12:DEALER:98D158B3314C3B6
14:54:16 INFO  Thread-5 6247 CountingTrap:30 - onReceive overriding function from CountingTrap.java file
14:54:16 INFO  Thread-5 6248 Actor:185 - Courier waiting for connection on port 8001
14:54:17 INFO  Thread-5 7247 Actor:185 - Courier accepted connection on port 8001
14:54:17 INFO  Thread-5 7252 Actor:185 - Courier received message Deal
14:54:17 INFO  Thread-5 7252 Actor:185 - Courier invoking listener for Deal
14:54:17 INFO  Thread-5 7252 Actor:266 - received card = H6 values = 6/6 hid = LB305-12:YOU:4F24CCC01BFAF03D
14:54:17 INFO  Thread-5 7258 CountingTrap:30 - onReceive overriding function from CountingTrap.java file
14:54:17 INFO  Thread-5 7258 CountingTrap:49 - increment runningCount: 1
14:54:17 INFO  Thread-5 7258 CountingTrap:56 - shoeSize: 51| runningCount: 1| numDecks: 0.9807692307692307| trueCount: 1| bet amount: 2
14:54:17 INFO  Thread-5 7259 Actor:185 - Courier waiting for connection on port 8001
14:54:18 INFO  Thread-5 8002 Actor:185 - Courier accepted connection on port 8001
14:54:18 INFO  Thread-5 8005 Actor:185 - Courier received message Deal
14:54:18 INFO  Thread-5 8005 Actor:185 - Courier invoking listener for Deal
14:54:18 INFO  Thread-5 8005 Actor:266 - received card = DA values = 0/0 hid = LB305-12:DEALER:98D158B3314C3B6
14:54:18 INFO  Thread-5 8010 CountingTrap:30 - onReceive overriding function from CountingTrap.java file
14:54:18 INFO  Thread-5 8010 CountingTrap:46 - decrement runningCount: 0
14:54:18 INFO  Thread-5 8010 CountingTrap:56 - shoeSize: 50| runningCount: 0| numDecks: 0.9615384615384616| trueCount: 0| bet amount: 1
14:54:18 INFO  Thread-5 8011 Actor:185 - Courier waiting for connection on port 8001
14:54:19 INFO  Thread-5 8755 Actor:185 - Courier accepted connection on port 8001
14:54:19 INFO  Thread-5 8757 Actor:185 - Courier received message Deal
14:54:19 INFO  Thread-5 8757 Actor:185 - Courier invoking listener for Deal
14:54:19 INFO  Thread-5 8757 Actor:266 - received card = DK values = 16/16 hid = LB305-12:YOU:4F24CCC01BFAF03D
14:54:19 INFO  Thread-5 8761 CountingTrap:30 - onReceive overriding function from CountingTrap.java file
14:54:19 INFO  Thread-5 8762 CountingTrap:46 - decrement runningCount: -1
14:54:19 INFO  Thread-5 8762 CountingTrap:56 - shoeSize: 49| runningCount: -1| numDecks: 0.9423076923076923| trueCount: -1| bet amount: 1
14:54:19 INFO  Thread-5 8762 Actor:185 - Courier waiting for connection on port 8001
14:54:20 INFO  Thread-5 9507 Actor:185 - Courier accepted connection on port 8001
14:54:20 INFO  Thread-5 9509 Actor:185 - Courier received message Deal
14:54:20 INFO  Thread-5 9509 Actor:185 - Courier invoking listener for Deal
14:54:20 INFO  Thread-5 9509 Actor:266 - received card = H4 values = 4/4 hid = LB305-12:DEALER:98D158B3314C3B6
14:54:20 INFO  Thread-5 9513 CountingTrap:30 - onReceive overriding function from CountingTrap.java file
14:54:20 INFO  Thread-5 9513 CountingTrap:49 - increment runningCount: 0
14:54:20 INFO  Thread-5 9513 CountingTrap:56 - shoeSize: 48| runningCount: 0| numDecks: 0.9230769230769231| trueCount: 0| bet amount: 1
14:54:20 INFO  Thread-5 9513 Actor:185 - Courier waiting for connection on port 8001
14:54:20 INFO  Thread-5 9514 Actor:185 - Courier accepted connection on port 8001
14:54:20 INFO  Thread-5 9517 Actor:185 - Courier received message Play
14:54:20 INFO  Thread-5 9517 Actor:185 - Courier invoking listener for Play
14:54:20 INFO  Thread-5 9518 Actor:276 - got turn = LB305-12:YOU:4F24CCC01BFAF03D
14:54:20 INFO  Thread-5 10228 CountingTrap:30 - onReceive overriding function from CountingTrap.java file
14:54:20 INFO  Thread-5 10228 Actor:185 - Courier waiting for connection on port 8001
15:06:29 INFO  AWT-EventQueue-0 738801 Actor:185 - Courier sending Stay to 127.0.0.1:8501
15:06:29 INFO  AWT-EventQueue-0 738809 Actor:185 - Courier sent successfully Stay to 127.0.0.1:8501
15:06:29 INFO  AWT-EventQueue-0 738809 CountingTrap:25 - onSend overriding function from CountingTrap.java file
15:06:29 INFO  Thread-5 738858 Actor:185 - Courier accepted connection on port 8001
15:06:29 INFO  Thread-5 738860 Actor:185 - Courier received message Play
15:06:29 INFO  Thread-5 738860 Actor:185 - Courier invoking listener for Play
15:06:29 INFO  Thread-5 738860 Actor:276 - got turn = LB305-12:DEALER:98D158B3314C3B6
15:06:29 INFO  Thread-5 738862 CountingTrap:30 - onReceive overriding function from CountingTrap.java file
15:06:29 INFO  Thread-5 738862 Actor:185 - Courier waiting for connection on port 8001
15:06:29 INFO  Thread-5 738863 Actor:185 - Courier accepted connection on port 8001
15:06:29 INFO  Thread-5 738866 Actor:185 - Courier received message Deal
15:06:29 INFO  Thread-5 738866 Actor:185 - Courier invoking listener for Deal
15:06:29 INFO  Thread-5 738867 Actor:266 - received card = null values = 5/15 hid = LB305-12:DEALER:98D158B3314C3B6
15:06:29 INFO  Thread-5 738867 CountingTrap:30 - onReceive overriding function from CountingTrap.java file
15:06:29 INFO  Thread-5 738868 Actor:185 - Courier waiting for connection on port 8001
15:06:30 INFO  Thread-5 739621 Actor:185 - Courier accepted connection on port 8001
15:06:30 INFO  Thread-5 739623 Actor:185 - Courier received message Deal
15:06:30 INFO  Thread-5 739623 Actor:185 - Courier invoking listener for Deal
15:06:30 INFO  Thread-5 739623 Actor:266 - received card = S2 values = 7/17 hid = LB305-12:DEALER:98D158B3314C3B6
15:06:30 INFO  Thread-5 739629 CountingTrap:30 - onReceive overriding function from CountingTrap.java file
15:06:30 INFO  Thread-5 739629 CountingTrap:49 - increment runningCount: 1
15:06:30 INFO  Thread-5 739629 CountingTrap:56 - shoeSize: 46| runningCount: 1| numDecks: 0.8846153846153846| trueCount: 1| bet amount: 2
15:06:30 INFO  Thread-5 739629 Actor:185 - Courier waiting for connection on port 8001
15:06:30 INFO  Thread-5 739629 Actor:185 - Courier accepted connection on port 8001
15:06:30 INFO  Thread-5 739637 Actor:185 - Courier received message Loose
15:06:30 INFO  Thread-5 739637 Actor:185 - Courier invoking listener for Loose
15:06:30 INFO  Thread-5 739637 Actor:207 - received outcome = Loose
15:06:30 INFO  Thread-5 739638 ATable:537 - LOOSE for hid = LB305-12:YOU:4F24CCC01BFAF03D amt = 25.0
15:06:30 INFO  Thread-5 739639 CountingTrap:30 - onReceive overriding function from CountingTrap.java file
15:06:30 INFO  Thread-5 739639 Actor:185 - Courier waiting for connection on port 8001
15:06:30 INFO  Thread-5 739640 Actor:185 - Courier accepted connection on port 8001
15:06:30 INFO  Thread-5 739643 Actor:185 - Courier received message GameOver
15:06:30 INFO  Thread-5 739643 Actor:185 - Courier invoking listener for GameOver
15:06:30 INFO  Thread-5 739643 Actor:287 - received ending shoe size = 47
15:06:30 INFO  Thread-5 739643 ATable:681 - num hands = 2 wins = 0 loses = 1 pushes = 0
15:06:31 INFO  Thread-5 740919 CountingTrap:30 - onReceive overriding function from CountingTrap.java file
15:06:31 INFO  Thread-5 740919 Actor:185 - Courier waiting for connection on port 8001
15:06:33 INFO  Thread-14 743193 ATable:206 - side bet = 0
15:06:33 INFO  Thread-14 743193 Actor:185 - Courier sending Bet to 127.0.0.1:8501
15:06:33 INFO  Thread-14 743195 Actor:185 - Courier sent successfully Bet to 127.0.0.1:8501
15:06:33 INFO  Thread-14 743195 CountingTrap:25 - onSend overriding function from CountingTrap.java file
15:06:33 INFO  Thread-5 743202 Actor:185 - Courier accepted connection on port 8001
15:06:33 INFO  Thread-5 743203 Actor:185 - Courier received message GameStart
15:06:33 INFO  Thread-5 743203 Actor:185 - Courier invoking listener for GameStart
15:06:33 INFO  Thread-5 743203 Actor:244 - receive starting shoe size = 47
15:06:33 INFO  Thread-5 743203 Actor:247 - starting hand: LB305-12:YOU:61507D3207C920FF
15:06:33 INFO  Thread-5 743203 Actor:247 - starting hand: LB305-12:DEALER:7DF3D5FC531B2AAB
15:06:33 INFO  Thread-5 743204 CountingTrap:30 - onReceive overriding function from CountingTrap.java file
15:06:33 INFO  Thread-5 743204 Actor:185 - Courier waiting for connection on port 8001
15:06:34 INFO  Thread-5 744205 Actor:185 - Courier accepted connection on port 8001
15:06:34 INFO  Thread-5 744206 Actor:185 - Courier received message Deal
15:06:34 INFO  Thread-5 744206 Actor:185 - Courier invoking listener for Deal
15:06:34 INFO  Thread-5 744206 Actor:266 - received card = HK values = 10/10 hid = LB305-12:YOU:61507D3207C920FF
15:06:34 INFO  Thread-5 744210 CountingTrap:30 - onReceive overriding function from CountingTrap.java file
15:06:34 INFO  Thread-5 744210 CountingTrap:46 - decrement runningCount: 0
15:06:34 INFO  Thread-5 744210 CountingTrap:56 - shoeSize: 46| runningCount: 0| numDecks: 0.8846153846153846| trueCount: 0| bet amount: 1
15:06:34 INFO  Thread-5 744210 Actor:185 - Courier waiting for connection on port 8001
15:06:35 INFO  Thread-5 744959 Actor:185 - Courier accepted connection on port 8001
15:06:35 INFO  Thread-5 744960 Actor:185 - Courier received message Deal
15:06:35 INFO  Thread-5 744961 Actor:185 - Courier invoking listener for Deal
15:06:35 INFO  Thread-5 744961 Actor:266 - received card = C10 values = 0/0 hid = LB305-12:DEALER:7DF3D5FC531B2AAB
15:06:35 INFO  Thread-5 744964 CountingTrap:30 - onReceive overriding function from CountingTrap.java file
15:06:35 INFO  Thread-5 744964 CountingTrap:46 - decrement runningCount: -1
15:06:35 INFO  Thread-5 744965 CountingTrap:56 - shoeSize: 45| runningCount: -1| numDecks: 0.8653846153846154| trueCount: -1| bet amount: 1
15:06:35 INFO  Thread-5 744965 Actor:185 - Courier waiting for connection on port 8001
15:06:36 INFO  Thread-5 745711 Actor:185 - Courier accepted connection on port 8001
15:06:36 INFO  Thread-5 745712 Actor:185 - Courier received message Deal
15:06:36 INFO  Thread-5 745712 Actor:185 - Courier invoking listener for Deal
15:06:36 INFO  Thread-5 745713 Actor:266 - received card = C5 values = 15/15 hid = LB305-12:YOU:61507D3207C920FF
15:06:36 INFO  Thread-5 745716 CountingTrap:30 - onReceive overriding function from CountingTrap.java file
15:06:36 INFO  Thread-5 745716 CountingTrap:49 - increment runningCount: 0
15:06:36 INFO  Thread-5 745716 CountingTrap:56 - shoeSize: 44| runningCount: 0| numDecks: 0.8461538461538461| trueCount: 0| bet amount: 1
15:06:36 INFO  Thread-5 745716 Actor:185 - Courier waiting for connection on port 8001
15:06:36 INFO  Thread-5 746463 Actor:185 - Courier accepted connection on port 8001
15:06:37 INFO  Thread-5 746466 Actor:185 - Courier received message Deal
15:06:37 INFO  Thread-5 746467 Actor:185 - Courier invoking listener for Deal
15:06:37 INFO  Thread-5 746467 Actor:266 - received card = C8 values = 8/8 hid = LB305-12:DEALER:7DF3D5FC531B2AAB
15:06:37 INFO  Thread-5 746479 CountingTrap:30 - onReceive overriding function from CountingTrap.java file
15:06:37 INFO  Thread-5 746479 CountingTrap:56 - shoeSize: 43| runningCount: 0| numDecks: 0.8269230769230769| trueCount: 0| bet amount: 1
15:06:37 INFO  Thread-5 746479 Actor:185 - Courier waiting for connection on port 8001
15:06:37 INFO  Thread-5 746479 Actor:185 - Courier accepted connection on port 8001
15:06:37 INFO  Thread-5 746481 Actor:185 - Courier received message Play
15:06:37 INFO  Thread-5 746481 Actor:185 - Courier invoking listener for Play
15:06:37 INFO  Thread-5 746481 Actor:276 - got turn = LB305-12:YOU:61507D3207C920FF
15:06:37 INFO  Thread-5 747170 CountingTrap:30 - onReceive overriding function from CountingTrap.java file
15:06:37 INFO  Thread-5 747170 Actor:185 - Courier waiting for connection on port 8001
